2025-07-10 20:28:40,701 - src.utils - INFO - 🎯 Starting comprehensive data collection for team 17
2025-07-10 20:28:40,701 - src.utils - INFO - 📊 Collecting season statistics...
2025-07-10 20:28:40,701 - src.utils - INFO - 🏆 Fetching season stats for team 17 in tournament 17, season 52186
2025-07-10 20:28:40,701 - src.utils - INFO - 📊 Trying season stats endpoint: https://api.sofascore.com/api/v1/team/17/unique-tournament/17/season/52186/statistics/overall
2025-07-10 20:28:42,206 - src.utils - INFO - Attempt 1: Fetching https://api.sofascore.com/api/v1/team/17/unique-tournament/17/season/52186/statistics/overall
2025-07-10 20:28:42,264 - src.utils - INFO - Response status: 200
2025-07-10 20:28:42,265 - src.utils - INFO - Successfully fetched data from: https://api.sofascore.com/api/v1/team/17/unique-tournament/17/season/52186/statistics/overall
2025-07-10 20:28:42,265 - src.utils - INFO - 📊 Extracted 7 season statistics
2025-07-10 20:28:42,265 - src.utils - INFO - ✅ Got 7 season statistics from this endpoint
2025-07-10 20:28:43,770 - src.utils - INFO - Attempt 1: Fetching https://api.sofascore.com/api/v1/team/17
2025-07-10 20:28:43,819 - src.utils - INFO - Response status: 200
2025-07-10 20:28:43,820 - src.utils - INFO - Successfully fetched data from: https://api.sofascore.com/api/v1/team/17
2025-07-10 20:28:43,820 - src.utils - INFO - 📅 Collecting last 7 matches...
2025-07-10 20:28:43,820 - src.utils - INFO - 📅 Fetching last 7 matches for team 17 using corrected method
2025-07-10 20:28:45,325 - src.utils - INFO - Attempt 1: Fetching https://api.sofascore.com/api/v1/sport/football/scheduled-events/2025-07-09
2025-07-10 20:28:45,438 - src.utils - INFO - Response status: 200
2025-07-10 20:28:45,446 - src.utils - INFO - Successfully fetched data from: https://api.sofascore.com/api/v1/sport/football/scheduled-events/2025-07-09
2025-07-10 20:28:46,952 - src.utils - INFO - Attempt 1: Fetching https://api.sofascore.com/api/v1/sport/football/scheduled-events/2025-07-08
2025-07-10 20:28:47,062 - src.utils - INFO - Response status: 200
2025-07-10 20:28:47,069 - src.utils - INFO - Successfully fetched data from: https://api.sofascore.com/api/v1/sport/football/scheduled-events/2025-07-08
2025-07-10 20:28:48,575 - src.utils - INFO - Attempt 1: Fetching https://api.sofascore.com/api/v1/sport/football/scheduled-events/2025-07-07
2025-07-10 20:28:48,691 - src.utils - INFO - Response status: 200
2025-07-10 20:28:48,699 - src.utils - INFO - Successfully fetched data from: https://api.sofascore.com/api/v1/sport/football/scheduled-events/2025-07-07
2025-07-10 20:28:50,203 - src.utils - INFO - Attempt 1: Fetching https://api.sofascore.com/api/v1/sport/football/scheduled-events/2025-07-06
2025-07-10 20:28:50,370 - src.utils - INFO - Response status: 200
2025-07-10 20:28:50,382 - src.utils - INFO - Successfully fetched data from: https://api.sofascore.com/api/v1/sport/football/scheduled-events/2025-07-06
2025-07-10 20:28:51,889 - src.utils - INFO - Attempt 1: Fetching https://api.sofascore.com/api/v1/sport/football/scheduled-events/2025-07-05
2025-07-10 20:28:52,128 - src.utils - INFO - Response status: 200
2025-07-10 20:28:52,142 - src.utils - INFO - Successfully fetched data from: https://api.sofascore.com/api/v1/sport/football/scheduled-events/2025-07-05
2025-07-10 20:28:53,649 - src.utils - INFO - Attempt 1: Fetching https://api.sofascore.com/api/v1/sport/football/scheduled-events/2025-07-04
2025-07-10 20:28:53,818 - src.utils - INFO - Response status: 200
2025-07-10 20:28:53,835 - src.utils - INFO - Successfully fetched data from: https://api.sofascore.com/api/v1/sport/football/scheduled-events/2025-07-04
2025-07-10 20:28:55,339 - src.utils - INFO - Attempt 1: Fetching https://api.sofascore.com/api/v1/sport/football/scheduled-events/2025-07-03
2025-07-10 20:28:55,444 - src.utils - INFO - Response status: 200
2025-07-10 20:28:55,451 - src.utils - INFO - Successfully fetched data from: https://api.sofascore.com/api/v1/sport/football/scheduled-events/2025-07-03
2025-07-10 20:28:56,952 - src.utils - INFO - Attempt 1: Fetching https://api.sofascore.com/api/v1/sport/football/scheduled-events/2025-07-02
2025-07-10 20:28:57,050 - src.utils - INFO - Response status: 200
2025-07-10 20:28:57,056 - src.utils - INFO - Successfully fetched data from: https://api.sofascore.com/api/v1/sport/football/scheduled-events/2025-07-02
2025-07-10 20:28:58,562 - src.utils - INFO - Attempt 1: Fetching https://api.sofascore.com/api/v1/sport/football/scheduled-events/2025-07-01
2025-07-10 20:28:58,657 - src.utils - INFO - Response status: 200
2025-07-10 20:28:58,663 - src.utils - INFO - Successfully fetched data from: https://api.sofascore.com/api/v1/sport/football/scheduled-events/2025-07-01
2025-07-10 20:28:58,664 - src.utils - INFO -    ✅ Found completed match on 2025-07-01: Manchester City vs Al-Hilal
2025-07-10 20:29:00,166 - src.utils - INFO - Attempt 1: Fetching https://api.sofascore.com/api/v1/sport/football/scheduled-events/2025-06-30
2025-07-10 20:29:00,284 - src.utils - INFO - Response status: 200
2025-07-10 20:29:00,292 - src.utils - INFO - Successfully fetched data from: https://api.sofascore.com/api/v1/sport/football/scheduled-events/2025-06-30
2025-07-10 20:29:00,298 - src.utils - INFO -    ✅ Found completed match on 2025-06-30: Manchester City vs Al-Hilal
2025-07-10 20:29:02,307 - src.utils - INFO - Attempt 1: Fetching https://api.sofascore.com/api/v1/sport/football/scheduled-events/2025-06-29
2025-07-10 20:29:02,488 - src.utils - INFO - Response status: 200
2025-07-10 20:29:02,503 - src.utils - INFO - Successfully fetched data from: https://api.sofascore.com/api/v1/sport/football/scheduled-events/2025-06-29
2025-07-10 20:29:04,009 - src.utils - INFO - Attempt 1: Fetching https://api.sofascore.com/api/v1/sport/football/scheduled-events/2025-06-28
2025-07-10 20:29:04,184 - src.utils - INFO - Response status: 200
2025-07-10 20:29:04,199 - src.utils - INFO - Successfully fetched data from: https://api.sofascore.com/api/v1/sport/football/scheduled-events/2025-06-28
2025-07-10 20:29:05,703 - src.utils - INFO - Attempt 1: Fetching https://api.sofascore.com/api/v1/sport/football/scheduled-events/2025-06-27
2025-07-10 20:29:05,833 - src.utils - INFO - Response status: 200
2025-07-10 20:29:05,841 - src.utils - INFO - Successfully fetched data from: https://api.sofascore.com/api/v1/sport/football/scheduled-events/2025-06-27
2025-07-10 20:29:05,843 - src.utils - INFO -    ✅ Found completed match on 2025-06-27: Juventus vs Manchester City
2025-07-10 20:29:07,347 - src.utils - INFO - Attempt 1: Fetching https://api.sofascore.com/api/v1/sport/football/scheduled-events/2025-06-26
2025-07-10 20:29:07,449 - src.utils - INFO - Response status: 200
2025-07-10 20:29:07,455 - src.utils - INFO - Successfully fetched data from: https://api.sofascore.com/api/v1/sport/football/scheduled-events/2025-06-26
2025-07-10 20:29:07,456 - src.utils - INFO -    ✅ Found completed match on 2025-06-26: Juventus vs Manchester City
2025-07-10 20:29:08,959 - src.utils - INFO - Attempt 1: Fetching https://api.sofascore.com/api/v1/sport/football/scheduled-events/2025-06-25
2025-07-10 20:29:09,066 - src.utils - INFO - Response status: 200
2025-07-10 20:29:09,073 - src.utils - INFO - Successfully fetched data from: https://api.sofascore.com/api/v1/sport/football/scheduled-events/2025-06-25
2025-07-10 20:29:10,580 - src.utils - INFO - Attempt 1: Fetching https://api.sofascore.com/api/v1/sport/football/scheduled-events/2025-06-24
2025-07-10 20:29:10,678 - src.utils - INFO - Response status: 200
2025-07-10 20:29:10,683 - src.utils - INFO - Successfully fetched data from: https://api.sofascore.com/api/v1/sport/football/scheduled-events/2025-06-24
2025-07-10 20:29:12,186 - src.utils - INFO - Attempt 1: Fetching https://api.sofascore.com/api/v1/sport/football/scheduled-events/2025-06-23
2025-07-10 20:29:12,370 - src.utils - INFO - Response status: 200
2025-07-10 20:29:12,379 - src.utils - INFO - Successfully fetched data from: https://api.sofascore.com/api/v1/sport/football/scheduled-events/2025-06-23
2025-07-10 20:29:12,380 - src.utils - INFO -    ✅ Found completed match on 2025-06-23: Manchester City vs Al-Ain
2025-07-10 20:29:13,886 - src.utils - INFO - Attempt 1: Fetching https://api.sofascore.com/api/v1/sport/football/scheduled-events/2025-06-22
2025-07-10 20:29:14,054 - src.utils - INFO - Response status: 200
2025-07-10 20:29:14,070 - src.utils - INFO - Successfully fetched data from: https://api.sofascore.com/api/v1/sport/football/scheduled-events/2025-06-22
2025-07-10 20:29:14,071 - src.utils - INFO -    ✅ Found completed match on 2025-06-22: Manchester City vs Al-Ain
2025-07-10 20:29:15,577 - src.utils - INFO - Attempt 1: Fetching https://api.sofascore.com/api/v1/sport/football/scheduled-events/2025-06-21
2025-07-10 20:29:15,731 - src.utils - INFO - Response status: 200
2025-07-10 20:29:15,743 - src.utils - INFO - Successfully fetched data from: https://api.sofascore.com/api/v1/sport/football/scheduled-events/2025-06-21
2025-07-10 20:29:17,250 - src.utils - INFO - Attempt 1: Fetching https://api.sofascore.com/api/v1/sport/football/scheduled-events/2025-06-20
2025-07-10 20:29:17,370 - src.utils - INFO - Response status: 200
2025-07-10 20:29:17,379 - src.utils - INFO - Successfully fetched data from: https://api.sofascore.com/api/v1/sport/football/scheduled-events/2025-06-20
2025-07-10 20:29:19,387 - src.utils - INFO - Attempt 1: Fetching https://api.sofascore.com/api/v1/sport/football/scheduled-events/2025-06-19
2025-07-10 20:29:19,503 - src.utils - INFO - Response status: 200
2025-07-10 20:29:19,511 - src.utils - INFO - Successfully fetched data from: https://api.sofascore.com/api/v1/sport/football/scheduled-events/2025-06-19
2025-07-10 20:29:19,512 - src.utils - INFO -    ✅ Found completed match on 2025-06-19: Manchester City vs Wydad Casablanca
2025-07-10 20:29:19,513 - src.utils - INFO - 📊 Found 7 completed matches
2025-07-10 20:29:21,013 - src.utils - INFO - Attempt 1: Fetching https://api.sofascore.com/api/v1/event/13385903/statistics
2025-07-10 20:29:21,065 - src.utils - INFO - Response status: 200
2025-07-10 20:29:21,066 - src.utils - INFO - Successfully fetched data from: https://api.sofascore.com/api/v1/event/13385903/statistics
2025-07-10 20:29:22,569 - src.utils - INFO - Attempt 1: Fetching https://api.sofascore.com/api/v1/event/13385903/incidents
2025-07-10 20:29:22,632 - src.utils - INFO - Response status: 200
2025-07-10 20:29:22,634 - src.utils - INFO - Successfully fetched data from: https://api.sofascore.com/api/v1/event/13385903/incidents
2025-07-10 20:29:24,138 - src.utils - INFO - Attempt 1: Fetching https://api.sofascore.com/api/v1/event/13385903/lineups
2025-07-10 20:29:24,192 - src.utils - INFO - Response status: 200
2025-07-10 20:29:24,193 - src.utils - INFO - Successfully fetched data from: https://api.sofascore.com/api/v1/event/13385903/lineups
2025-07-10 20:29:26,904 - src.utils - INFO - Attempt 1: Fetching https://api.sofascore.com/api/v1/event/13385903/statistics
2025-07-10 20:29:26,956 - src.utils - INFO - Response status: 200
2025-07-10 20:29:26,957 - src.utils - INFO - Successfully fetched data from: https://api.sofascore.com/api/v1/event/13385903/statistics
2025-07-10 20:29:28,462 - src.utils - INFO - Attempt 1: Fetching https://api.sofascore.com/api/v1/event/13385903/incidents
2025-07-10 20:29:28,532 - src.utils - INFO - Response status: 200
2025-07-10 20:29:28,534 - src.utils - INFO - Successfully fetched data from: https://api.sofascore.com/api/v1/event/13385903/incidents
2025-07-10 20:29:30,040 - src.utils - INFO - Attempt 1: Fetching https://api.sofascore.com/api/v1/event/13385903/lineups
2025-07-10 20:29:30,098 - src.utils - INFO - Response status: 200
2025-07-10 20:29:30,099 - src.utils - INFO - Successfully fetched data from: https://api.sofascore.com/api/v1/event/13385903/lineups
2025-07-10 20:29:32,806 - src.utils - INFO - Attempt 1: Fetching https://api.sofascore.com/api/v1/event/13200232/statistics
2025-07-10 20:29:32,855 - src.utils - INFO - Response status: 200
2025-07-10 20:29:32,856 - src.utils - INFO - Successfully fetched data from: https://api.sofascore.com/api/v1/event/13200232/statistics
2025-07-10 20:29:34,361 - src.utils - INFO - Attempt 1: Fetching https://api.sofascore.com/api/v1/event/13200232/incidents
2025-07-10 20:29:34,424 - src.utils - INFO - Response status: 200
2025-07-10 20:29:34,426 - src.utils - INFO - Successfully fetched data from: https://api.sofascore.com/api/v1/event/13200232/incidents
2025-07-10 20:29:35,931 - src.utils - INFO - Attempt 1: Fetching https://api.sofascore.com/api/v1/event/13200232/lineups
2025-07-10 20:29:35,983 - src.utils - INFO - Response status: 200
2025-07-10 20:29:35,983 - src.utils - INFO - Successfully fetched data from: https://api.sofascore.com/api/v1/event/13200232/lineups
2025-07-10 20:29:38,692 - src.utils - INFO - Attempt 1: Fetching https://api.sofascore.com/api/v1/event/13200232/statistics
2025-07-10 20:29:38,747 - src.utils - INFO - Response status: 200
2025-07-10 20:29:38,748 - src.utils - INFO - Successfully fetched data from: https://api.sofascore.com/api/v1/event/13200232/statistics
2025-07-10 20:29:40,253 - src.utils - INFO - Attempt 1: Fetching https://api.sofascore.com/api/v1/event/13200232/incidents
2025-07-10 20:29:40,314 - src.utils - INFO - Response status: 200
2025-07-10 20:29:40,315 - src.utils - INFO - Successfully fetched data from: https://api.sofascore.com/api/v1/event/13200232/incidents
2025-07-10 20:29:41,821 - src.utils - INFO - Attempt 1: Fetching https://api.sofascore.com/api/v1/event/13200232/lineups
2025-07-10 20:29:41,877 - src.utils - INFO - Response status: 200
2025-07-10 20:29:41,878 - src.utils - INFO - Successfully fetched data from: https://api.sofascore.com/api/v1/event/13200232/lineups
2025-07-10 20:29:44,589 - src.utils - INFO - Attempt 1: Fetching https://api.sofascore.com/api/v1/event/13200294/statistics
2025-07-10 20:29:44,643 - src.utils - INFO - Response status: 200
2025-07-10 20:29:44,644 - src.utils - INFO - Successfully fetched data from: https://api.sofascore.com/api/v1/event/13200294/statistics
2025-07-10 20:29:46,145 - src.utils - INFO - Attempt 1: Fetching https://api.sofascore.com/api/v1/event/13200294/incidents
2025-07-10 20:29:46,200 - src.utils - INFO - Response status: 200
2025-07-10 20:29:46,201 - src.utils - INFO - Successfully fetched data from: https://api.sofascore.com/api/v1/event/13200294/incidents
2025-07-10 20:29:47,702 - src.utils - INFO - Attempt 1: Fetching https://api.sofascore.com/api/v1/event/13200294/lineups
2025-07-10 20:29:47,756 - src.utils - INFO - Response status: 200
2025-07-10 20:29:47,757 - src.utils - INFO - Successfully fetched data from: https://api.sofascore.com/api/v1/event/13200294/lineups
2025-07-10 20:29:50,464 - src.utils - INFO - Attempt 1: Fetching https://api.sofascore.com/api/v1/event/13200294/statistics
2025-07-10 20:29:50,515 - src.utils - INFO - Response status: 200
2025-07-10 20:29:50,516 - src.utils - INFO - Successfully fetched data from: https://api.sofascore.com/api/v1/event/13200294/statistics
2025-07-10 20:29:52,018 - src.utils - INFO - Attempt 1: Fetching https://api.sofascore.com/api/v1/event/13200294/incidents
2025-07-10 20:29:52,072 - src.utils - INFO - Response status: 200
2025-07-10 20:29:52,073 - src.utils - INFO - Successfully fetched data from: https://api.sofascore.com/api/v1/event/13200294/incidents
2025-07-10 20:29:53,578 - src.utils - INFO - Attempt 1: Fetching https://api.sofascore.com/api/v1/event/13200294/lineups
2025-07-10 20:29:53,633 - src.utils - INFO - Response status: 200
2025-07-10 20:29:53,634 - src.utils - INFO - Successfully fetched data from: https://api.sofascore.com/api/v1/event/13200294/lineups
2025-07-10 20:29:56,342 - src.utils - INFO - Attempt 1: Fetching https://api.sofascore.com/api/v1/event/13200275/statistics
2025-07-10 20:29:56,392 - src.utils - INFO - Response status: 200
2025-07-10 20:29:56,393 - src.utils - INFO - Successfully fetched data from: https://api.sofascore.com/api/v1/event/13200275/statistics
2025-07-10 20:29:57,899 - src.utils - INFO - Attempt 1: Fetching https://api.sofascore.com/api/v1/event/13200275/incidents
2025-07-10 20:29:57,948 - src.utils - INFO - Response status: 200
2025-07-10 20:29:57,948 - src.utils - INFO - Successfully fetched data from: https://api.sofascore.com/api/v1/event/13200275/incidents
2025-07-10 20:29:59,452 - src.utils - INFO - Attempt 1: Fetching https://api.sofascore.com/api/v1/event/13200275/lineups
2025-07-10 20:29:59,502 - src.utils - INFO - Response status: 200
2025-07-10 20:29:59,503 - src.utils - INFO - Successfully fetched data from: https://api.sofascore.com/api/v1/event/13200275/lineups
2025-07-10 20:30:00,707 - src.utils - INFO - ✅ Collected detailed data for 7 recent matches
2025-07-10 20:30:00,709 - src.utils - INFO - Match vs Al-Hilal: 3 scored, 4 conceded
2025-07-10 20:30:00,709 - src.utils - INFO - Match vs Al-Hilal: 3 scored, 4 conceded
2025-07-10 20:30:00,709 - src.utils - INFO - Match vs Juventus: 6 scored, 2 conceded
2025-07-10 20:30:00,709 - src.utils - INFO - Match vs Juventus: 5 scored, 2 conceded
2025-07-10 20:30:00,710 - src.utils - INFO - Match vs Al-Ain: 7 scored, 1 conceded
2025-07-10 20:30:00,710 - src.utils - INFO - Match vs Al-Ain: 6 scored, 1 conceded
2025-07-10 20:30:00,710 - src.utils - INFO - Match vs Wydad Casablanca: 2 scored, 1 conceded
2025-07-10 20:30:00,710 - src.utils - INFO - ✅ Comprehensive data collection completed for team 17
2025-07-10 20:30:00,726 - src.utils - INFO - 📁 Exported recent matches to exports/team_17_recent_matches_20250710_203000.csv
2025-07-10 20:30:00,727 - src.utils - INFO - 📁 Exported season stats to exports/team_17_season_stats_20250710_203000.csv
2025-07-10 20:30:00,727 - src.utils - INFO - 📁 Exported comprehensive data to exports/team_17_comprehensive_20250710_203000.json
2025-07-10 20:48:06,699 - src.utils - INFO - 🎯 Starting comprehensive data collection for team 17
2025-07-10 20:48:06,699 - src.utils - INFO - 📊 Collecting season statistics...
2025-07-10 20:48:06,699 - src.utils - INFO - 🏆 Fetching season stats for team 17 in tournament 17, season 52186
2025-07-10 20:48:06,700 - src.utils - INFO - 📊 Trying season stats endpoint: https://api.sofascore.com/api/v1/team/17/unique-tournament/17/season/52186/statistics/overall
2025-07-10 20:48:08,205 - src.utils - INFO - Attempt 1: Fetching https://api.sofascore.com/api/v1/team/17/unique-tournament/17/season/52186/statistics/overall
2025-07-10 20:48:08,304 - src.utils - INFO - Response status: 200
2025-07-10 20:48:08,305 - src.utils - INFO - Successfully fetched data from: https://api.sofascore.com/api/v1/team/17/unique-tournament/17/season/52186/statistics/overall
2025-07-10 20:48:08,305 - src.utils - INFO - 📊 Extracted 7 season statistics
2025-07-10 20:48:08,305 - src.utils - INFO - ✅ Got 7 season statistics from this endpoint
2025-07-10 20:48:09,810 - src.utils - INFO - Attempt 1: Fetching https://api.sofascore.com/api/v1/team/17
2025-07-10 20:48:09,853 - src.utils - INFO - Response status: 200
2025-07-10 20:48:09,854 - src.utils - INFO - Successfully fetched data from: https://api.sofascore.com/api/v1/team/17
2025-07-10 20:48:09,855 - src.utils - INFO - 📅 Collecting last 7 matches...
2025-07-10 20:48:09,855 - src.utils - INFO - 📅 Fetching last 7 matches for team 17 using corrected method
2025-07-10 20:48:11,359 - src.utils - INFO - Attempt 1: Fetching https://api.sofascore.com/api/v1/sport/football/scheduled-events/2025-07-09
2025-07-10 20:48:11,501 - src.utils - INFO - Response status: 200
2025-07-10 20:48:11,510 - src.utils - INFO - Successfully fetched data from: https://api.sofascore.com/api/v1/sport/football/scheduled-events/2025-07-09
2025-07-10 20:48:13,016 - src.utils - INFO - Attempt 1: Fetching https://api.sofascore.com/api/v1/sport/football/scheduled-events/2025-07-08
2025-07-10 20:48:13,141 - src.utils - INFO - Response status: 200
2025-07-10 20:48:13,147 - src.utils - INFO - Successfully fetched data from: https://api.sofascore.com/api/v1/sport/football/scheduled-events/2025-07-08
2025-07-10 20:48:14,651 - src.utils - INFO - Attempt 1: Fetching https://api.sofascore.com/api/v1/sport/football/scheduled-events/2025-07-07
2025-07-10 20:48:14,778 - src.utils - INFO - Response status: 200
2025-07-10 20:48:14,785 - src.utils - INFO - Successfully fetched data from: https://api.sofascore.com/api/v1/sport/football/scheduled-events/2025-07-07
2025-07-10 20:48:16,291 - src.utils - INFO - Attempt 1: Fetching https://api.sofascore.com/api/v1/sport/football/scheduled-events/2025-07-06
2025-07-10 20:48:16,447 - src.utils - INFO - Response status: 200
2025-07-10 20:48:16,460 - src.utils - INFO - Successfully fetched data from: https://api.sofascore.com/api/v1/sport/football/scheduled-events/2025-07-06
2025-07-10 20:48:17,965 - src.utils - INFO - Attempt 1: Fetching https://api.sofascore.com/api/v1/sport/football/scheduled-events/2025-07-05
2025-07-10 20:48:18,123 - src.utils - INFO - Response status: 200
2025-07-10 20:48:18,137 - src.utils - INFO - Successfully fetched data from: https://api.sofascore.com/api/v1/sport/football/scheduled-events/2025-07-05
2025-07-10 20:48:19,639 - src.utils - INFO - Attempt 1: Fetching https://api.sofascore.com/api/v1/sport/football/scheduled-events/2025-07-04
2025-07-10 20:48:19,767 - src.utils - INFO - Response status: 200
2025-07-10 20:48:19,781 - src.utils - INFO - Successfully fetched data from: https://api.sofascore.com/api/v1/sport/football/scheduled-events/2025-07-04
2025-07-10 20:48:21,288 - src.utils - INFO - Attempt 1: Fetching https://api.sofascore.com/api/v1/sport/football/scheduled-events/2025-07-03
2025-07-10 20:48:21,391 - src.utils - INFO - Response status: 200
2025-07-10 20:48:21,397 - src.utils - INFO - Successfully fetched data from: https://api.sofascore.com/api/v1/sport/football/scheduled-events/2025-07-03
2025-07-10 20:48:22,901 - src.utils - INFO - Attempt 1: Fetching https://api.sofascore.com/api/v1/sport/football/scheduled-events/2025-07-02
2025-07-10 20:48:23,016 - src.utils - INFO - Response status: 200
2025-07-10 20:48:23,021 - src.utils - INFO - Successfully fetched data from: https://api.sofascore.com/api/v1/sport/football/scheduled-events/2025-07-02
2025-07-10 20:48:24,522 - src.utils - INFO - Attempt 1: Fetching https://api.sofascore.com/api/v1/sport/football/scheduled-events/2025-07-01
2025-07-10 20:48:24,621 - src.utils - INFO - Response status: 200
2025-07-10 20:48:24,626 - src.utils - INFO - Successfully fetched data from: https://api.sofascore.com/api/v1/sport/football/scheduled-events/2025-07-01
2025-07-10 20:48:24,628 - src.utils - INFO -    ✅ Found completed match on 2025-07-01: Manchester City vs Al-Hilal
2025-07-10 20:48:26,131 - src.utils - INFO - Attempt 1: Fetching https://api.sofascore.com/api/v1/sport/football/scheduled-events/2025-06-30
2025-07-10 20:48:26,255 - src.utils - INFO - Response status: 200
2025-07-10 20:48:26,261 - src.utils - INFO - Successfully fetched data from: https://api.sofascore.com/api/v1/sport/football/scheduled-events/2025-06-30
2025-07-10 20:48:26,263 - src.utils - INFO -    ✅ Found completed match on 2025-06-30: Manchester City vs Al-Hilal
2025-07-10 20:48:28,269 - src.utils - INFO - Attempt 1: Fetching https://api.sofascore.com/api/v1/sport/football/scheduled-events/2025-06-29
2025-07-10 20:48:28,433 - src.utils - INFO - Response status: 200
2025-07-10 20:48:28,448 - src.utils - INFO - Successfully fetched data from: https://api.sofascore.com/api/v1/sport/football/scheduled-events/2025-06-29
2025-07-10 20:48:29,955 - src.utils - INFO - Attempt 1: Fetching https://api.sofascore.com/api/v1/sport/football/scheduled-events/2025-06-28
2025-07-10 20:48:30,145 - src.utils - INFO - Response status: 200
2025-07-10 20:48:30,157 - src.utils - INFO - Successfully fetched data from: https://api.sofascore.com/api/v1/sport/football/scheduled-events/2025-06-28
2025-07-10 20:48:31,664 - src.utils - INFO - Attempt 1: Fetching https://api.sofascore.com/api/v1/sport/football/scheduled-events/2025-06-27
2025-07-10 20:48:31,829 - src.utils - INFO - Response status: 200
2025-07-10 20:48:31,838 - src.utils - INFO - Successfully fetched data from: https://api.sofascore.com/api/v1/sport/football/scheduled-events/2025-06-27
2025-07-10 20:48:31,839 - src.utils - INFO -    ✅ Found completed match on 2025-06-27: Juventus vs Manchester City
2025-07-10 20:48:33,345 - src.utils - INFO - Attempt 1: Fetching https://api.sofascore.com/api/v1/sport/football/scheduled-events/2025-06-26
2025-07-10 20:48:33,455 - src.utils - INFO - Response status: 200
2025-07-10 20:48:33,463 - src.utils - INFO - Successfully fetched data from: https://api.sofascore.com/api/v1/sport/football/scheduled-events/2025-06-26
2025-07-10 20:48:33,465 - src.utils - INFO -    ✅ Found completed match on 2025-06-26: Juventus vs Manchester City
2025-07-10 20:48:34,967 - src.utils - INFO - Attempt 1: Fetching https://api.sofascore.com/api/v1/sport/football/scheduled-events/2025-06-25
2025-07-10 20:48:35,072 - src.utils - INFO - Response status: 200
2025-07-10 20:48:35,078 - src.utils - INFO - Successfully fetched data from: https://api.sofascore.com/api/v1/sport/football/scheduled-events/2025-06-25
2025-07-10 20:48:36,584 - src.utils - INFO - Attempt 1: Fetching https://api.sofascore.com/api/v1/sport/football/scheduled-events/2025-06-24
2025-07-10 20:48:36,680 - src.utils - INFO - Response status: 200
2025-07-10 20:48:36,686 - src.utils - INFO - Successfully fetched data from: https://api.sofascore.com/api/v1/sport/football/scheduled-events/2025-06-24
2025-07-10 20:48:38,192 - src.utils - INFO - Attempt 1: Fetching https://api.sofascore.com/api/v1/sport/football/scheduled-events/2025-06-23
2025-07-10 20:48:38,333 - src.utils - INFO - Response status: 200
2025-07-10 20:48:38,341 - src.utils - INFO - Successfully fetched data from: https://api.sofascore.com/api/v1/sport/football/scheduled-events/2025-06-23
2025-07-10 20:48:38,342 - src.utils - INFO -    ✅ Found completed match on 2025-06-23: Manchester City vs Al-Ain
2025-07-10 20:48:39,848 - src.utils - INFO - Attempt 1: Fetching https://api.sofascore.com/api/v1/sport/football/scheduled-events/2025-06-22
2025-07-10 20:48:40,018 - src.utils - INFO - Response status: 200
2025-07-10 20:48:40,035 - src.utils - INFO - Successfully fetched data from: https://api.sofascore.com/api/v1/sport/football/scheduled-events/2025-06-22
2025-07-10 20:48:40,036 - src.utils - INFO -    ✅ Found completed match on 2025-06-22: Manchester City vs Al-Ain
2025-07-10 20:48:41,542 - src.utils - INFO - Attempt 1: Fetching https://api.sofascore.com/api/v1/sport/football/scheduled-events/2025-06-21
2025-07-10 20:48:41,702 - src.utils - INFO - Response status: 200
2025-07-10 20:48:41,714 - src.utils - INFO - Successfully fetched data from: https://api.sofascore.com/api/v1/sport/football/scheduled-events/2025-06-21
2025-07-10 20:48:43,220 - src.utils - INFO - Attempt 1: Fetching https://api.sofascore.com/api/v1/sport/football/scheduled-events/2025-06-20
2025-07-10 20:48:43,355 - src.utils - INFO - Response status: 200
2025-07-10 20:48:43,363 - src.utils - INFO - Successfully fetched data from: https://api.sofascore.com/api/v1/sport/football/scheduled-events/2025-06-20
2025-07-10 20:48:45,371 - src.utils - INFO - Attempt 1: Fetching https://api.sofascore.com/api/v1/sport/football/scheduled-events/2025-06-19
2025-07-10 20:48:45,488 - src.utils - INFO - Response status: 200
2025-07-10 20:48:45,494 - src.utils - INFO - Successfully fetched data from: https://api.sofascore.com/api/v1/sport/football/scheduled-events/2025-06-19
2025-07-10 20:48:45,496 - src.utils - INFO -    ✅ Found completed match on 2025-06-19: Manchester City vs Wydad Casablanca
2025-07-10 20:48:45,496 - src.utils - INFO - 📊 Found 7 completed matches
2025-07-10 20:48:47,001 - src.utils - INFO - Attempt 1: Fetching https://api.sofascore.com/api/v1/event/13385903/statistics
2025-07-10 20:48:47,063 - src.utils - INFO - Response status: 200
2025-07-10 20:48:47,065 - src.utils - INFO - Successfully fetched data from: https://api.sofascore.com/api/v1/event/13385903/statistics
2025-07-10 20:48:48,567 - src.utils - INFO - Attempt 1: Fetching https://api.sofascore.com/api/v1/event/13385903/incidents
2025-07-10 20:48:48,629 - src.utils - INFO - Response status: 200
2025-07-10 20:48:48,631 - src.utils - INFO - Successfully fetched data from: https://api.sofascore.com/api/v1/event/13385903/incidents
2025-07-10 20:48:50,136 - src.utils - INFO - Attempt 1: Fetching https://api.sofascore.com/api/v1/event/13385903/lineups
2025-07-10 20:48:50,192 - src.utils - INFO - Response status: 200
2025-07-10 20:48:50,194 - src.utils - INFO - Successfully fetched data from: https://api.sofascore.com/api/v1/event/13385903/lineups
2025-07-10 20:48:52,905 - src.utils - INFO - Attempt 1: Fetching https://api.sofascore.com/api/v1/event/13385903/statistics
2025-07-10 20:48:52,960 - src.utils - INFO - Response status: 200
2025-07-10 20:48:52,961 - src.utils - INFO - Successfully fetched data from: https://api.sofascore.com/api/v1/event/13385903/statistics
2025-07-10 20:48:54,466 - src.utils - INFO - Attempt 1: Fetching https://api.sofascore.com/api/v1/event/13385903/incidents
2025-07-10 20:48:54,529 - src.utils - INFO - Response status: 200
2025-07-10 20:48:54,530 - src.utils - INFO - Successfully fetched data from: https://api.sofascore.com/api/v1/event/13385903/incidents
2025-07-10 20:48:56,033 - src.utils - INFO - Attempt 1: Fetching https://api.sofascore.com/api/v1/event/13385903/lineups
2025-07-10 20:48:56,089 - src.utils - INFO - Response status: 200
2025-07-10 20:48:56,089 - src.utils - INFO - Successfully fetched data from: https://api.sofascore.com/api/v1/event/13385903/lineups
2025-07-10 20:48:58,799 - src.utils - INFO - Attempt 1: Fetching https://api.sofascore.com/api/v1/event/13200232/statistics
2025-07-10 20:48:58,870 - src.utils - INFO - Response status: 200
2025-07-10 20:48:58,870 - src.utils - INFO - Successfully fetched data from: https://api.sofascore.com/api/v1/event/13200232/statistics
2025-07-10 20:49:00,376 - src.utils - INFO - Attempt 1: Fetching https://api.sofascore.com/api/v1/event/13200232/incidents
2025-07-10 20:49:00,437 - src.utils - INFO - Response status: 200
2025-07-10 20:49:00,439 - src.utils - INFO - Successfully fetched data from: https://api.sofascore.com/api/v1/event/13200232/incidents
2025-07-10 20:49:01,945 - src.utils - INFO - Attempt 1: Fetching https://api.sofascore.com/api/v1/event/13200232/lineups
2025-07-10 20:49:02,012 - src.utils - INFO - Response status: 200
2025-07-10 20:49:02,013 - src.utils - INFO - Successfully fetched data from: https://api.sofascore.com/api/v1/event/13200232/lineups
2025-07-10 20:49:04,720 - src.utils - INFO - Attempt 1: Fetching https://api.sofascore.com/api/v1/event/13200232/statistics
2025-07-10 20:49:04,774 - src.utils - INFO - Response status: 200
2025-07-10 20:49:04,775 - src.utils - INFO - Successfully fetched data from: https://api.sofascore.com/api/v1/event/13200232/statistics
2025-07-10 20:49:06,277 - src.utils - INFO - Attempt 1: Fetching https://api.sofascore.com/api/v1/event/13200232/incidents
2025-07-10 20:49:06,338 - src.utils - INFO - Response status: 200
2025-07-10 20:49:06,339 - src.utils - INFO - Successfully fetched data from: https://api.sofascore.com/api/v1/event/13200232/incidents
2025-07-10 20:49:07,844 - src.utils - INFO - Attempt 1: Fetching https://api.sofascore.com/api/v1/event/13200232/lineups
2025-07-10 20:49:07,902 - src.utils - INFO - Response status: 200
2025-07-10 20:49:07,903 - src.utils - INFO - Successfully fetched data from: https://api.sofascore.com/api/v1/event/13200232/lineups
2025-07-10 20:49:10,613 - src.utils - INFO - Attempt 1: Fetching https://api.sofascore.com/api/v1/event/13200294/statistics
2025-07-10 20:49:10,664 - src.utils - INFO - Response status: 200
2025-07-10 20:49:10,664 - src.utils - INFO - Successfully fetched data from: https://api.sofascore.com/api/v1/event/13200294/statistics
2025-07-10 20:49:12,167 - src.utils - INFO - Attempt 1: Fetching https://api.sofascore.com/api/v1/event/13200294/incidents
2025-07-10 20:49:12,222 - src.utils - INFO - Response status: 200
2025-07-10 20:49:12,222 - src.utils - INFO - Successfully fetched data from: https://api.sofascore.com/api/v1/event/13200294/incidents
2025-07-10 20:49:13,727 - src.utils - INFO - Attempt 1: Fetching https://api.sofascore.com/api/v1/event/13200294/lineups
2025-07-10 20:49:13,779 - src.utils - INFO - Response status: 200
2025-07-10 20:49:13,781 - src.utils - INFO - Successfully fetched data from: https://api.sofascore.com/api/v1/event/13200294/lineups
2025-07-10 20:49:16,492 - src.utils - INFO - Attempt 1: Fetching https://api.sofascore.com/api/v1/event/13200294/statistics
2025-07-10 20:49:16,543 - src.utils - INFO - Response status: 200
2025-07-10 20:49:16,544 - src.utils - INFO - Successfully fetched data from: https://api.sofascore.com/api/v1/event/13200294/statistics
2025-07-10 20:49:18,049 - src.utils - INFO - Attempt 1: Fetching https://api.sofascore.com/api/v1/event/13200294/incidents
2025-07-10 20:49:18,103 - src.utils - INFO - Response status: 200
2025-07-10 20:49:18,104 - src.utils - INFO - Successfully fetched data from: https://api.sofascore.com/api/v1/event/13200294/incidents
2025-07-10 20:49:19,609 - src.utils - INFO - Attempt 1: Fetching https://api.sofascore.com/api/v1/event/13200294/lineups
2025-07-10 20:49:19,665 - src.utils - INFO - Response status: 200
2025-07-10 20:49:19,666 - src.utils - INFO - Successfully fetched data from: https://api.sofascore.com/api/v1/event/13200294/lineups
2025-07-10 20:49:22,376 - src.utils - INFO - Attempt 1: Fetching https://api.sofascore.com/api/v1/event/13200275/statistics
2025-07-10 20:49:22,430 - src.utils - INFO - Response status: 200
2025-07-10 20:49:22,431 - src.utils - INFO - Successfully fetched data from: https://api.sofascore.com/api/v1/event/13200275/statistics
2025-07-10 20:49:23,936 - src.utils - INFO - Attempt 1: Fetching https://api.sofascore.com/api/v1/event/13200275/incidents
2025-07-10 20:49:23,989 - src.utils - INFO - Response status: 200
2025-07-10 20:49:23,990 - src.utils - INFO - Successfully fetched data from: https://api.sofascore.com/api/v1/event/13200275/incidents
2025-07-10 20:49:25,494 - src.utils - INFO - Attempt 1: Fetching https://api.sofascore.com/api/v1/event/13200275/lineups
2025-07-10 20:49:25,553 - src.utils - INFO - Response status: 200
2025-07-10 20:49:25,554 - src.utils - INFO - Successfully fetched data from: https://api.sofascore.com/api/v1/event/13200275/lineups
2025-07-10 20:49:26,759 - src.utils - INFO - ✅ Collected detailed data for 7 recent matches
2025-07-10 20:49:26,762 - src.utils - INFO - Match vs Al-Hilal: 3 scored, 4 conceded
2025-07-10 20:49:26,762 - src.utils - INFO - Match vs Al-Hilal: 3 scored, 4 conceded
2025-07-10 20:49:26,762 - src.utils - INFO - Match vs Juventus: 6 scored, 2 conceded
2025-07-10 20:49:26,762 - src.utils - INFO - Match vs Juventus: 5 scored, 2 conceded
2025-07-10 20:49:26,762 - src.utils - INFO - Match vs Al-Ain: 7 scored, 1 conceded
2025-07-10 20:49:26,762 - src.utils - INFO - Match vs Al-Ain: 6 scored, 1 conceded
2025-07-10 20:49:26,762 - src.utils - INFO - Match vs Wydad Casablanca: 2 scored, 1 conceded
2025-07-10 20:49:26,762 - src.utils - INFO - ✅ Comprehensive data collection completed for team 17
2025-07-10 20:49:26,776 - src.utils - INFO - 📁 Exported recent matches to exports/team_17_recent_matches_20250710_204926.csv
2025-07-10 20:49:26,778 - src.utils - INFO - 📁 Exported season stats to exports/team_17_season_stats_20250710_204926.csv
2025-07-10 20:49:26,778 - src.utils - INFO - 📁 Exported comprehensive data to exports/team_17_comprehensive_20250710_204926.json
2025-07-10 20:55:15,244 - src.utils - INFO - 🎯 Starting comprehensive data collection for team 17
2025-07-10 20:55:15,244 - src.utils - INFO - 📊 Collecting season statistics...
2025-07-10 20:55:15,244 - src.utils - INFO - 🏆 Fetching season stats for team 17 in tournament 17, season 52186
2025-07-10 20:55:15,244 - src.utils - INFO - 📊 Trying season stats endpoint: https://api.sofascore.com/api/v1/team/17/unique-tournament/17/season/52186/statistics/overall
2025-07-10 20:55:16,749 - src.utils - INFO - Attempt 1: Fetching https://api.sofascore.com/api/v1/team/17/unique-tournament/17/season/52186/statistics/overall
2025-07-10 20:55:16,818 - src.utils - INFO - Response status: 200
2025-07-10 20:55:16,819 - src.utils - INFO - Successfully fetched data from: https://api.sofascore.com/api/v1/team/17/unique-tournament/17/season/52186/statistics/overall
2025-07-10 20:55:16,819 - src.utils - INFO - 📊 Extracted 7 season statistics
2025-07-10 20:55:16,819 - src.utils - INFO - ✅ Got 7 season statistics from this endpoint
2025-07-10 20:55:18,324 - src.utils - INFO - Attempt 1: Fetching https://api.sofascore.com/api/v1/team/17
2025-07-10 20:55:18,369 - src.utils - INFO - Response status: 200
2025-07-10 20:55:18,369 - src.utils - INFO - Successfully fetched data from: https://api.sofascore.com/api/v1/team/17
2025-07-10 20:55:18,369 - src.utils - INFO - 📅 Collecting last 7 matches...
2025-07-10 20:55:18,370 - src.utils - INFO - 📅 Fetching last 7 matches for team 17 using corrected method
2025-07-10 20:55:19,873 - src.utils - INFO - Attempt 1: Fetching https://api.sofascore.com/api/v1/sport/football/scheduled-events/2025-07-09
2025-07-10 20:55:19,990 - src.utils - INFO - Response status: 200
2025-07-10 20:55:19,998 - src.utils - INFO - Successfully fetched data from: https://api.sofascore.com/api/v1/sport/football/scheduled-events/2025-07-09
2025-07-10 20:55:21,502 - src.utils - INFO - Attempt 1: Fetching https://api.sofascore.com/api/v1/sport/football/scheduled-events/2025-07-08
2025-07-10 20:55:21,598 - src.utils - INFO - Response status: 200
2025-07-10 20:55:21,600 - src.utils - INFO - Successfully fetched data from: https://api.sofascore.com/api/v1/sport/football/scheduled-events/2025-07-08
2025-07-10 20:55:23,105 - src.utils - INFO - Attempt 1: Fetching https://api.sofascore.com/api/v1/sport/football/scheduled-events/2025-07-07
2025-07-10 20:55:23,231 - src.utils - INFO - Response status: 200
2025-07-10 20:55:23,239 - src.utils - INFO - Successfully fetched data from: https://api.sofascore.com/api/v1/sport/football/scheduled-events/2025-07-07
2025-07-10 20:55:24,745 - src.utils - INFO - Attempt 1: Fetching https://api.sofascore.com/api/v1/sport/football/scheduled-events/2025-07-06
2025-07-10 20:55:24,911 - src.utils - INFO - Response status: 200
2025-07-10 20:55:24,925 - src.utils - INFO - Successfully fetched data from: https://api.sofascore.com/api/v1/sport/football/scheduled-events/2025-07-06
2025-07-10 20:55:26,432 - src.utils - INFO - Attempt 1: Fetching https://api.sofascore.com/api/v1/sport/football/scheduled-events/2025-07-05
2025-07-10 20:55:26,588 - src.utils - INFO - Response status: 200
2025-07-10 20:55:26,592 - src.utils - INFO - Successfully fetched data from: https://api.sofascore.com/api/v1/sport/football/scheduled-events/2025-07-05
2025-07-10 20:55:28,098 - src.utils - INFO - Attempt 1: Fetching https://api.sofascore.com/api/v1/sport/football/scheduled-events/2025-07-04
2025-07-10 20:55:28,232 - src.utils - INFO - Response status: 200
2025-07-10 20:55:28,250 - src.utils - INFO - Successfully fetched data from: https://api.sofascore.com/api/v1/sport/football/scheduled-events/2025-07-04
2025-07-10 20:55:29,756 - src.utils - INFO - Attempt 1: Fetching https://api.sofascore.com/api/v1/sport/football/scheduled-events/2025-07-03
2025-07-10 20:55:29,905 - src.utils - INFO - Response status: 200
2025-07-10 20:55:29,910 - src.utils - INFO - Successfully fetched data from: https://api.sofascore.com/api/v1/sport/football/scheduled-events/2025-07-03
2025-07-10 20:55:31,415 - src.utils - INFO - Attempt 1: Fetching https://api.sofascore.com/api/v1/sport/football/scheduled-events/2025-07-02
2025-07-10 20:55:31,514 - src.utils - INFO - Response status: 200
2025-07-10 20:55:31,519 - src.utils - INFO - Successfully fetched data from: https://api.sofascore.com/api/v1/sport/football/scheduled-events/2025-07-02
2025-07-10 20:55:33,024 - src.utils - INFO - Attempt 1: Fetching https://api.sofascore.com/api/v1/sport/football/scheduled-events/2025-07-01
2025-07-10 20:55:33,130 - src.utils - INFO - Response status: 200
2025-07-10 20:55:33,134 - src.utils - INFO - Successfully fetched data from: https://api.sofascore.com/api/v1/sport/football/scheduled-events/2025-07-01
2025-07-10 20:55:33,136 - src.utils - INFO -    ✅ Found completed match on 2025-07-01: Manchester City vs Al-Hilal
2025-07-10 20:55:34,641 - src.utils - INFO - Attempt 1: Fetching https://api.sofascore.com/api/v1/sport/football/scheduled-events/2025-06-30
2025-07-10 20:55:34,763 - src.utils - INFO - Response status: 200
2025-07-10 20:55:34,771 - src.utils - INFO - Successfully fetched data from: https://api.sofascore.com/api/v1/sport/football/scheduled-events/2025-06-30
2025-07-10 20:55:34,772 - src.utils - INFO -    ✅ Found completed match on 2025-06-30: Manchester City vs Al-Hilal
2025-07-10 20:55:36,777 - src.utils - INFO - Attempt 1: Fetching https://api.sofascore.com/api/v1/sport/football/scheduled-events/2025-06-29
2025-07-10 20:55:36,947 - src.utils - INFO - Response status: 200
2025-07-10 20:55:36,961 - src.utils - INFO - Successfully fetched data from: https://api.sofascore.com/api/v1/sport/football/scheduled-events/2025-06-29
2025-07-10 20:55:38,468 - src.utils - INFO - Attempt 1: Fetching https://api.sofascore.com/api/v1/sport/football/scheduled-events/2025-06-28
2025-07-10 20:55:38,635 - src.utils - INFO - Response status: 200
2025-07-10 20:55:38,650 - src.utils - INFO - Successfully fetched data from: https://api.sofascore.com/api/v1/sport/football/scheduled-events/2025-06-28
2025-07-10 20:55:40,155 - src.utils - INFO - Attempt 1: Fetching https://api.sofascore.com/api/v1/sport/football/scheduled-events/2025-06-27
2025-07-10 20:55:40,284 - src.utils - INFO - Response status: 200
2025-07-10 20:55:40,293 - src.utils - INFO - Successfully fetched data from: https://api.sofascore.com/api/v1/sport/football/scheduled-events/2025-06-27
2025-07-10 20:55:40,295 - src.utils - INFO -    ✅ Found completed match on 2025-06-27: Juventus vs Manchester City
2025-07-10 20:55:41,801 - src.utils - INFO - Attempt 1: Fetching https://api.sofascore.com/api/v1/sport/football/scheduled-events/2025-06-26
2025-07-10 20:55:41,943 - src.utils - INFO - Response status: 200
2025-07-10 20:55:41,949 - src.utils - INFO - Successfully fetched data from: https://api.sofascore.com/api/v1/sport/football/scheduled-events/2025-06-26
2025-07-10 20:55:41,950 - src.utils - INFO -    ✅ Found completed match on 2025-06-26: Juventus vs Manchester City
2025-07-10 20:55:43,455 - src.utils - INFO - Attempt 1: Fetching https://api.sofascore.com/api/v1/sport/football/scheduled-events/2025-06-25
2025-07-10 20:55:44,034 - src.utils - INFO - Response status: 200
2025-07-10 20:55:44,040 - src.utils - INFO - Successfully fetched data from: https://api.sofascore.com/api/v1/sport/football/scheduled-events/2025-06-25
2025-07-10 20:55:45,543 - src.utils - INFO - Attempt 1: Fetching https://api.sofascore.com/api/v1/sport/football/scheduled-events/2025-06-24
2025-07-10 20:55:45,638 - src.utils - INFO - Response status: 200
2025-07-10 20:55:45,644 - src.utils - INFO - Successfully fetched data from: https://api.sofascore.com/api/v1/sport/football/scheduled-events/2025-06-24
2025-07-10 20:55:47,150 - src.utils - INFO - Attempt 1: Fetching https://api.sofascore.com/api/v1/sport/football/scheduled-events/2025-06-23
2025-07-10 20:55:47,274 - src.utils - INFO - Response status: 200
2025-07-10 20:55:47,282 - src.utils - INFO - Successfully fetched data from: https://api.sofascore.com/api/v1/sport/football/scheduled-events/2025-06-23
2025-07-10 20:55:47,283 - src.utils - INFO -    ✅ Found completed match on 2025-06-23: Manchester City vs Al-Ain
2025-07-10 20:55:48,789 - src.utils - INFO - Attempt 1: Fetching https://api.sofascore.com/api/v1/sport/football/scheduled-events/2025-06-22
2025-07-10 20:55:48,983 - src.utils - INFO - Response status: 200
2025-07-10 20:55:49,000 - src.utils - INFO - Successfully fetched data from: https://api.sofascore.com/api/v1/sport/football/scheduled-events/2025-06-22
2025-07-10 20:55:49,001 - src.utils - INFO -    ✅ Found completed match on 2025-06-22: Manchester City vs Al-Ain
2025-07-10 20:55:50,507 - src.utils - INFO - Attempt 1: Fetching https://api.sofascore.com/api/v1/sport/football/scheduled-events/2025-06-21
2025-07-10 20:55:50,665 - src.utils - INFO - Response status: 200
2025-07-10 20:55:50,678 - src.utils - INFO - Successfully fetched data from: https://api.sofascore.com/api/v1/sport/football/scheduled-events/2025-06-21
2025-07-10 20:55:52,186 - src.utils - INFO - Attempt 1: Fetching https://api.sofascore.com/api/v1/sport/football/scheduled-events/2025-06-20
2025-07-10 20:55:52,308 - src.utils - INFO - Response status: 200
2025-07-10 20:55:52,315 - src.utils - INFO - Successfully fetched data from: https://api.sofascore.com/api/v1/sport/football/scheduled-events/2025-06-20
2025-07-10 20:55:54,319 - src.utils - INFO - Attempt 1: Fetching https://api.sofascore.com/api/v1/sport/football/scheduled-events/2025-06-19
2025-07-10 20:55:54,428 - src.utils - INFO - Response status: 200
2025-07-10 20:55:54,435 - src.utils - INFO - Successfully fetched data from: https://api.sofascore.com/api/v1/sport/football/scheduled-events/2025-06-19
2025-07-10 20:55:54,437 - src.utils - INFO -    ✅ Found completed match on 2025-06-19: Manchester City vs Wydad Casablanca
2025-07-10 20:55:54,437 - src.utils - INFO - 📊 Found 7 completed matches
2025-07-10 20:55:55,942 - src.utils - INFO - Attempt 1: Fetching https://api.sofascore.com/api/v1/event/13385903/statistics
2025-07-10 20:55:56,004 - src.utils - INFO - Response status: 200
2025-07-10 20:55:56,006 - src.utils - INFO - Successfully fetched data from: https://api.sofascore.com/api/v1/event/13385903/statistics
2025-07-10 20:55:57,512 - src.utils - INFO - Attempt 1: Fetching https://api.sofascore.com/api/v1/event/13385903/incidents
2025-07-10 20:55:57,576 - src.utils - INFO - Response status: 200
2025-07-10 20:55:57,578 - src.utils - INFO - Successfully fetched data from: https://api.sofascore.com/api/v1/event/13385903/incidents
2025-07-10 20:55:59,084 - src.utils - INFO - Attempt 1: Fetching https://api.sofascore.com/api/v1/event/13385903/lineups
2025-07-10 20:55:59,139 - src.utils - INFO - Response status: 200
2025-07-10 20:55:59,140 - src.utils - INFO - Successfully fetched data from: https://api.sofascore.com/api/v1/event/13385903/lineups
2025-07-10 20:56:01,850 - src.utils - INFO - Attempt 1: Fetching https://api.sofascore.com/api/v1/event/13385903/statistics
2025-07-10 20:56:01,904 - src.utils - INFO - Response status: 200
2025-07-10 20:56:01,905 - src.utils - INFO - Successfully fetched data from: https://api.sofascore.com/api/v1/event/13385903/statistics
2025-07-10 20:56:03,410 - src.utils - INFO - Attempt 1: Fetching https://api.sofascore.com/api/v1/event/13385903/incidents
2025-07-10 20:56:03,470 - src.utils - INFO - Response status: 200
2025-07-10 20:56:03,472 - src.utils - INFO - Successfully fetched data from: https://api.sofascore.com/api/v1/event/13385903/incidents
2025-07-10 20:56:04,976 - src.utils - INFO - Attempt 1: Fetching https://api.sofascore.com/api/v1/event/13385903/lineups
2025-07-10 20:56:05,033 - src.utils - INFO - Response status: 200
2025-07-10 20:56:05,034 - src.utils - INFO - Successfully fetched data from: https://api.sofascore.com/api/v1/event/13385903/lineups
2025-07-10 20:56:07,742 - src.utils - INFO - Attempt 1: Fetching https://api.sofascore.com/api/v1/event/13200232/statistics
2025-07-10 20:56:07,793 - src.utils - INFO - Response status: 200
2025-07-10 20:56:07,794 - src.utils - INFO - Successfully fetched data from: https://api.sofascore.com/api/v1/event/13200232/statistics
2025-07-10 20:56:09,298 - src.utils - INFO - Attempt 1: Fetching https://api.sofascore.com/api/v1/event/13200232/incidents
2025-07-10 20:56:09,360 - src.utils - INFO - Response status: 200
2025-07-10 20:56:09,362 - src.utils - INFO - Successfully fetched data from: https://api.sofascore.com/api/v1/event/13200232/incidents
2025-07-10 20:56:10,867 - src.utils - INFO - Attempt 1: Fetching https://api.sofascore.com/api/v1/event/13200232/lineups
2025-07-10 20:56:10,924 - src.utils - INFO - Response status: 200
2025-07-10 20:56:10,925 - src.utils - INFO - Successfully fetched data from: https://api.sofascore.com/api/v1/event/13200232/lineups
2025-07-10 20:56:13,633 - src.utils - INFO - Attempt 1: Fetching https://api.sofascore.com/api/v1/event/13200232/statistics
2025-07-10 20:56:13,684 - src.utils - INFO - Response status: 200
2025-07-10 20:56:13,684 - src.utils - INFO - Successfully fetched data from: https://api.sofascore.com/api/v1/event/13200232/statistics
2025-07-10 20:56:15,185 - src.utils - INFO - Attempt 1: Fetching https://api.sofascore.com/api/v1/event/13200232/incidents
2025-07-10 20:56:15,245 - src.utils - INFO - Response status: 200
2025-07-10 20:56:15,247 - src.utils - INFO - Successfully fetched data from: https://api.sofascore.com/api/v1/event/13200232/incidents
2025-07-10 20:56:16,749 - src.utils - INFO - Attempt 1: Fetching https://api.sofascore.com/api/v1/event/13200232/lineups
2025-07-10 20:56:16,806 - src.utils - INFO - Response status: 200
2025-07-10 20:56:16,807 - src.utils - INFO - Successfully fetched data from: https://api.sofascore.com/api/v1/event/13200232/lineups
2025-07-10 20:56:19,517 - src.utils - INFO - Attempt 1: Fetching https://api.sofascore.com/api/v1/event/13200294/statistics
2025-07-10 20:56:19,575 - src.utils - INFO - Response status: 200
2025-07-10 20:56:19,576 - src.utils - INFO - Successfully fetched data from: https://api.sofascore.com/api/v1/event/13200294/statistics
2025-07-10 20:56:21,077 - src.utils - INFO - Attempt 1: Fetching https://api.sofascore.com/api/v1/event/13200294/incidents
2025-07-10 20:56:21,139 - src.utils - INFO - Response status: 200
2025-07-10 20:56:21,141 - src.utils - INFO - Successfully fetched data from: https://api.sofascore.com/api/v1/event/13200294/incidents
2025-07-10 20:56:22,645 - src.utils - INFO - Attempt 1: Fetching https://api.sofascore.com/api/v1/event/13200294/lineups
2025-07-10 20:56:22,698 - src.utils - INFO - Response status: 200
2025-07-10 20:56:22,699 - src.utils - INFO - Successfully fetched data from: https://api.sofascore.com/api/v1/event/13200294/lineups
2025-07-10 20:56:25,409 - src.utils - INFO - Attempt 1: Fetching https://api.sofascore.com/api/v1/event/13200294/statistics
2025-07-10 20:56:25,463 - src.utils - INFO - Response status: 200
2025-07-10 20:56:25,464 - src.utils - INFO - Successfully fetched data from: https://api.sofascore.com/api/v1/event/13200294/statistics
2025-07-10 20:56:26,968 - src.utils - INFO - Attempt 1: Fetching https://api.sofascore.com/api/v1/event/13200294/incidents
2025-07-10 20:56:27,026 - src.utils - INFO - Response status: 200
2025-07-10 20:56:27,027 - src.utils - INFO - Successfully fetched data from: https://api.sofascore.com/api/v1/event/13200294/incidents
2025-07-10 20:56:28,533 - src.utils - INFO - Attempt 1: Fetching https://api.sofascore.com/api/v1/event/13200294/lineups
2025-07-10 20:56:28,589 - src.utils - INFO - Response status: 200
2025-07-10 20:56:28,590 - src.utils - INFO - Successfully fetched data from: https://api.sofascore.com/api/v1/event/13200294/lineups
2025-07-10 20:56:31,294 - src.utils - INFO - Attempt 1: Fetching https://api.sofascore.com/api/v1/event/13200275/statistics
2025-07-10 20:56:31,346 - src.utils - INFO - Response status: 200
2025-07-10 20:56:31,347 - src.utils - INFO - Successfully fetched data from: https://api.sofascore.com/api/v1/event/13200275/statistics
2025-07-10 20:56:32,850 - src.utils - INFO - Attempt 1: Fetching https://api.sofascore.com/api/v1/event/13200275/incidents
2025-07-10 20:56:32,903 - src.utils - INFO - Response status: 200
2025-07-10 20:56:32,904 - src.utils - INFO - Successfully fetched data from: https://api.sofascore.com/api/v1/event/13200275/incidents
2025-07-10 20:56:34,410 - src.utils - INFO - Attempt 1: Fetching https://api.sofascore.com/api/v1/event/13200275/lineups
2025-07-10 20:56:34,463 - src.utils - INFO - Response status: 200
2025-07-10 20:56:34,465 - src.utils - INFO - Successfully fetched data from: https://api.sofascore.com/api/v1/event/13200275/lineups
2025-07-10 20:56:35,670 - src.utils - INFO - ✅ Collected detailed data for 7 recent matches
2025-07-10 20:56:35,673 - src.utils - INFO - Match vs Al-Hilal: 3 scored, 4 conceded
2025-07-10 20:56:35,673 - src.utils - INFO - Match vs Al-Hilal: 3 scored, 4 conceded
2025-07-10 20:56:35,673 - src.utils - INFO - Match vs Juventus: 6 scored, 2 conceded
2025-07-10 20:56:35,673 - src.utils - INFO - Match vs Juventus: 5 scored, 2 conceded
2025-07-10 20:56:35,673 - src.utils - INFO - Match vs Al-Ain: 7 scored, 1 conceded
2025-07-10 20:56:35,673 - src.utils - INFO - Match vs Al-Ain: 6 scored, 1 conceded
2025-07-10 20:56:35,673 - src.utils - INFO - Match vs Wydad Casablanca: 2 scored, 1 conceded
2025-07-10 20:56:35,673 - src.utils - INFO - ✅ Comprehensive data collection completed for team 17
2025-07-10 20:56:35,685 - src.utils - INFO - 📁 Exported recent matches to exports/team_17_recent_matches_20250710_205635.csv
2025-07-10 20:56:35,687 - src.utils - INFO - 📁 Exported season stats to exports/team_17_season_stats_20250710_205635.csv
2025-07-10 20:56:35,687 - src.utils - INFO - 📁 Exported comprehensive data to exports/team_17_comprehensive_20250710_205635.json
2025-07-10 21:04:23,373 - src.utils - INFO - 🎯 Starting comprehensive data collection for team 17 with CORRECTED EXTRACTION
2025-07-10 21:04:23,373 - src.utils - INFO - 📊 Collecting season statistics...
2025-07-10 21:04:23,373 - src.utils - INFO - 🏆 Fetching season stats for team 17 in tournament 17, season 52186
2025-07-10 21:04:23,373 - src.utils - INFO - 📊 Trying season stats endpoint: https://api.sofascore.com/api/v1/team/17/unique-tournament/17/season/52186/statistics/overall
2025-07-10 21:04:24,879 - src.utils - INFO - Attempt 1: Fetching https://api.sofascore.com/api/v1/team/17/unique-tournament/17/season/52186/statistics/overall
2025-07-10 21:04:24,951 - src.utils - INFO - Response status: 200
2025-07-10 21:04:24,952 - src.utils - INFO - Successfully fetched data from: https://api.sofascore.com/api/v1/team/17/unique-tournament/17/season/52186/statistics/overall
2025-07-10 21:04:24,952 - src.utils - INFO - 📊 Extracted 7 season statistics
2025-07-10 21:04:24,953 - src.utils - INFO - ✅ Got 7 season statistics from this endpoint
2025-07-10 21:04:26,457 - src.utils - INFO - Attempt 1: Fetching https://api.sofascore.com/api/v1/team/17
2025-07-10 21:04:26,499 - src.utils - INFO - Response status: 200
2025-07-10 21:04:26,499 - src.utils - INFO - Successfully fetched data from: https://api.sofascore.com/api/v1/team/17
2025-07-10 21:04:26,500 - src.utils - INFO - 📅 Collecting last 7 matches with CORRECTED EXTRACTION...
2025-07-10 21:04:26,500 - src.utils - INFO - 🎯 Fetching last 7 matches for team 17 with CORRECTED EXTRACTION
2025-07-10 21:04:28,005 - src.utils - INFO - Attempt 1: Fetching https://api.sofascore.com/api/v1/sport/football/scheduled-events/2025-07-09
2025-07-10 21:04:28,128 - src.utils - INFO - Response status: 200
2025-07-10 21:04:28,137 - src.utils - INFO - Successfully fetched data from: https://api.sofascore.com/api/v1/sport/football/scheduled-events/2025-07-09
2025-07-10 21:04:29,643 - src.utils - INFO - Attempt 1: Fetching https://api.sofascore.com/api/v1/sport/football/scheduled-events/2025-07-08
2025-07-10 21:04:29,742 - src.utils - INFO - Response status: 200
2025-07-10 21:04:29,748 - src.utils - INFO - Successfully fetched data from: https://api.sofascore.com/api/v1/sport/football/scheduled-events/2025-07-08
2025-07-10 21:04:31,253 - src.utils - INFO - Attempt 1: Fetching https://api.sofascore.com/api/v1/sport/football/scheduled-events/2025-07-07
2025-07-10 21:04:31,365 - src.utils - INFO - Response status: 200
2025-07-10 21:04:31,373 - src.utils - INFO - Successfully fetched data from: https://api.sofascore.com/api/v1/sport/football/scheduled-events/2025-07-07
2025-07-10 21:04:32,879 - src.utils - INFO - Attempt 1: Fetching https://api.sofascore.com/api/v1/sport/football/scheduled-events/2025-07-06
2025-07-10 21:04:33,035 - src.utils - INFO - Response status: 200
2025-07-10 21:04:33,049 - src.utils - INFO - Successfully fetched data from: https://api.sofascore.com/api/v1/sport/football/scheduled-events/2025-07-06
2025-07-10 21:04:34,552 - src.utils - INFO - Attempt 1: Fetching https://api.sofascore.com/api/v1/sport/football/scheduled-events/2025-07-05
2025-07-10 21:04:34,708 - src.utils - INFO - Response status: 200
2025-07-10 21:04:34,722 - src.utils - INFO - Successfully fetched data from: https://api.sofascore.com/api/v1/sport/football/scheduled-events/2025-07-05
2025-07-10 21:04:36,226 - src.utils - INFO - Attempt 1: Fetching https://api.sofascore.com/api/v1/sport/football/scheduled-events/2025-07-04
2025-07-10 21:04:36,377 - src.utils - INFO - Response status: 200
2025-07-10 21:04:36,393 - src.utils - INFO - Successfully fetched data from: https://api.sofascore.com/api/v1/sport/football/scheduled-events/2025-07-04
2025-07-10 21:04:37,897 - src.utils - INFO - Attempt 1: Fetching https://api.sofascore.com/api/v1/sport/football/scheduled-events/2025-07-03
2025-07-10 21:04:38,024 - src.utils - INFO - Response status: 200
2025-07-10 21:04:38,030 - src.utils - INFO - Successfully fetched data from: https://api.sofascore.com/api/v1/sport/football/scheduled-events/2025-07-03
2025-07-10 21:04:39,536 - src.utils - INFO - Attempt 1: Fetching https://api.sofascore.com/api/v1/sport/football/scheduled-events/2025-07-02
2025-07-10 21:04:39,641 - src.utils - INFO - Response status: 200
2025-07-10 21:04:39,647 - src.utils - INFO - Successfully fetched data from: https://api.sofascore.com/api/v1/sport/football/scheduled-events/2025-07-02
2025-07-10 21:04:41,153 - src.utils - INFO - Attempt 1: Fetching https://api.sofascore.com/api/v1/sport/football/scheduled-events/2025-07-01
2025-07-10 21:04:41,274 - src.utils - INFO - Response status: 200
2025-07-10 21:04:41,281 - src.utils - INFO - Successfully fetched data from: https://api.sofascore.com/api/v1/sport/football/scheduled-events/2025-07-01
2025-07-10 21:04:41,282 - src.utils - INFO -    ✅ Found match: Manchester City vs Al-Hilal
2025-07-10 21:04:42,787 - src.utils - INFO - Attempt 1: Fetching https://api.sofascore.com/api/v1/sport/football/scheduled-events/2025-06-30
2025-07-10 21:04:42,995 - src.utils - INFO - Response status: 200
2025-07-10 21:04:43,004 - src.utils - INFO - Successfully fetched data from: https://api.sofascore.com/api/v1/sport/football/scheduled-events/2025-06-30
2025-07-10 21:04:43,005 - src.utils - INFO -    ✅ Found match: Manchester City vs Al-Hilal
2025-07-10 21:04:45,014 - src.utils - INFO - Attempt 1: Fetching https://api.sofascore.com/api/v1/sport/football/scheduled-events/2025-06-29
2025-07-10 21:04:45,194 - src.utils - INFO - Response status: 200
2025-07-10 21:04:45,207 - src.utils - INFO - Successfully fetched data from: https://api.sofascore.com/api/v1/sport/football/scheduled-events/2025-06-29
2025-07-10 21:04:46,714 - src.utils - INFO - Attempt 1: Fetching https://api.sofascore.com/api/v1/sport/football/scheduled-events/2025-06-28
2025-07-10 21:04:46,892 - src.utils - INFO - Response status: 200
2025-07-10 21:04:46,905 - src.utils - INFO - Successfully fetched data from: https://api.sofascore.com/api/v1/sport/football/scheduled-events/2025-06-28
2025-07-10 21:04:48,411 - src.utils - INFO - Attempt 1: Fetching https://api.sofascore.com/api/v1/sport/football/scheduled-events/2025-06-27
2025-07-10 21:04:48,539 - src.utils - INFO - Response status: 200
2025-07-10 21:04:48,548 - src.utils - INFO - Successfully fetched data from: https://api.sofascore.com/api/v1/sport/football/scheduled-events/2025-06-27
2025-07-10 21:04:48,549 - src.utils - INFO -    ✅ Found match: Juventus vs Manchester City
2025-07-10 21:04:50,055 - src.utils - INFO - Attempt 1: Fetching https://api.sofascore.com/api/v1/sport/football/scheduled-events/2025-06-26
2025-07-10 21:04:50,156 - src.utils - INFO - Response status: 200
2025-07-10 21:04:50,163 - src.utils - INFO - Successfully fetched data from: https://api.sofascore.com/api/v1/sport/football/scheduled-events/2025-06-26
2025-07-10 21:04:50,164 - src.utils - INFO -    ✅ Found match: Juventus vs Manchester City
2025-07-10 21:04:51,670 - src.utils - INFO - Attempt 1: Fetching https://api.sofascore.com/api/v1/sport/football/scheduled-events/2025-06-25
2025-07-10 21:04:51,780 - src.utils - INFO - Response status: 200
2025-07-10 21:04:51,787 - src.utils - INFO - Successfully fetched data from: https://api.sofascore.com/api/v1/sport/football/scheduled-events/2025-06-25
2025-07-10 21:04:53,294 - src.utils - INFO - Attempt 1: Fetching https://api.sofascore.com/api/v1/sport/football/scheduled-events/2025-06-24
2025-07-10 21:04:53,389 - src.utils - INFO - Response status: 200
2025-07-10 21:04:53,394 - src.utils - INFO - Successfully fetched data from: https://api.sofascore.com/api/v1/sport/football/scheduled-events/2025-06-24
2025-07-10 21:04:54,901 - src.utils - INFO - Attempt 1: Fetching https://api.sofascore.com/api/v1/sport/football/scheduled-events/2025-06-23
2025-07-10 21:04:55,034 - src.utils - INFO - Response status: 200
2025-07-10 21:04:55,044 - src.utils - INFO - Successfully fetched data from: https://api.sofascore.com/api/v1/sport/football/scheduled-events/2025-06-23
2025-07-10 21:04:55,045 - src.utils - INFO -    ✅ Found match: Manchester City vs Al-Ain
2025-07-10 21:04:56,550 - src.utils - INFO - Attempt 1: Fetching https://api.sofascore.com/api/v1/sport/football/scheduled-events/2025-06-22
2025-07-10 21:04:56,772 - src.utils - INFO - Response status: 200
2025-07-10 21:04:56,785 - src.utils - INFO - Successfully fetched data from: https://api.sofascore.com/api/v1/sport/football/scheduled-events/2025-06-22
2025-07-10 21:04:56,786 - src.utils - INFO -    ✅ Found match: Manchester City vs Al-Ain
2025-07-10 21:04:58,288 - src.utils - INFO - Attempt 1: Fetching https://api.sofascore.com/api/v1/sport/football/scheduled-events/2025-06-21
2025-07-10 21:04:58,446 - src.utils - INFO - Response status: 200
2025-07-10 21:04:58,458 - src.utils - INFO - Successfully fetched data from: https://api.sofascore.com/api/v1/sport/football/scheduled-events/2025-06-21
2025-07-10 21:04:59,965 - src.utils - INFO - Attempt 1: Fetching https://api.sofascore.com/api/v1/sport/football/scheduled-events/2025-06-20
2025-07-10 21:05:00,104 - src.utils - INFO - Response status: 200
2025-07-10 21:05:00,113 - src.utils - INFO - Successfully fetched data from: https://api.sofascore.com/api/v1/sport/football/scheduled-events/2025-06-20
2025-07-10 21:05:02,125 - src.utils - INFO - Attempt 1: Fetching https://api.sofascore.com/api/v1/sport/football/scheduled-events/2025-06-19
2025-07-10 21:05:02,257 - src.utils - INFO - Response status: 200
2025-07-10 21:05:02,266 - src.utils - INFO - Successfully fetched data from: https://api.sofascore.com/api/v1/sport/football/scheduled-events/2025-06-19
2025-07-10 21:05:02,268 - src.utils - INFO -    ✅ Found match: Manchester City vs Wydad Casablanca
2025-07-10 21:05:02,268 - src.utils - INFO - 📊 Found 7 completed matches
2025-07-10 21:05:02,268 - src.utils - INFO - 🎯 Processing match 13385903 with CORRECTED EXTRACTION
2025-07-10 21:05:03,772 - src.utils - INFO - Attempt 1: Fetching https://api.sofascore.com/api/v1/event/13385903/incidents
2025-07-10 21:05:03,847 - src.utils - INFO - Response status: 200
2025-07-10 21:05:03,849 - src.utils - INFO - Successfully fetched data from: https://api.sofascore.com/api/v1/event/13385903/incidents
2025-07-10 21:05:05,354 - src.utils - INFO - Attempt 1: Fetching https://api.sofascore.com/api/v1/event/13385903/statistics
2025-07-10 21:05:05,406 - src.utils - INFO - Response status: 200
2025-07-10 21:05:05,407 - src.utils - INFO - Successfully fetched data from: https://api.sofascore.com/api/v1/event/13385903/statistics
2025-07-10 21:05:05,407 - src.utils - INFO - 🔧 Applying corrected extraction for Manchester City
2025-07-10 21:05:05,407 - src.utils - INFO - 🎯 Team perspective - Scored: 3, Conceded: 4, Final: 3-4
2025-07-10 21:05:05,407 - src.utils - INFO - 📊 Categorized 7 our goals, 0 opponent goals
2025-07-10 21:05:05,407 - src.utils - WARNING - 🔧 Added placeholder opponent goal at 25' - incident data incomplete
2025-07-10 21:05:05,407 - src.utils - WARNING - 🔧 Added placeholder opponent goal at 50' - incident data incomplete
2025-07-10 21:05:05,407 - src.utils - WARNING - 🔧 Added placeholder opponent goal at 75' - incident data incomplete
2025-07-10 21:05:05,407 - src.utils - WARNING - 🔧 Added placeholder opponent goal at 100' - incident data incomplete
2025-07-10 21:05:05,407 - src.utils - INFO - ✅ Data consistency validation passed - ZERO MISMATCHES!
2025-07-10 21:05:05,408 - src.utils - INFO - ✅ CORRECTED EXTRACTION SUCCESS for match 13385903
2025-07-10 21:05:05,408 - src.utils - INFO - 🎉 PERFECT CONSISTENCY: 3 goals = 3 times = 3 scorers
2025-07-10 21:05:06,613 - src.utils - INFO - 🎯 Processing match 13200232 with CORRECTED EXTRACTION
2025-07-10 21:05:08,116 - src.utils - INFO - Attempt 1: Fetching https://api.sofascore.com/api/v1/event/13200232/incidents
2025-07-10 21:05:08,178 - src.utils - INFO - Response status: 200
2025-07-10 21:05:08,180 - src.utils - INFO - Successfully fetched data from: https://api.sofascore.com/api/v1/event/13200232/incidents
2025-07-10 21:05:09,686 - src.utils - INFO - Attempt 1: Fetching https://api.sofascore.com/api/v1/event/13200232/statistics
2025-07-10 21:05:09,744 - src.utils - INFO - Response status: 200
2025-07-10 21:05:09,744 - src.utils - INFO - Successfully fetched data from: https://api.sofascore.com/api/v1/event/13200232/statistics
2025-07-10 21:05:09,745 - src.utils - INFO - 🔧 Applying corrected extraction for Manchester City
2025-07-10 21:05:09,745 - src.utils - INFO - 🎯 Team perspective - Scored: 6, Conceded: 2, Final: 6-2
2025-07-10 21:05:09,745 - src.utils - INFO - 📊 Categorized 7 our goals, 0 opponent goals
2025-07-10 21:05:09,745 - src.utils - WARNING - 🔧 Added placeholder opponent goal at 25' - incident data incomplete
2025-07-10 21:05:09,745 - src.utils - WARNING - 🔧 Added placeholder opponent goal at 50' - incident data incomplete
2025-07-10 21:05:09,745 - src.utils - INFO - ✅ Data consistency validation passed - ZERO MISMATCHES!
2025-07-10 21:05:09,745 - src.utils - INFO - ✅ CORRECTED EXTRACTION SUCCESS for match 13200232
2025-07-10 21:05:09,745 - src.utils - INFO - 🎉 PERFECT CONSISTENCY: 6 goals = 6 times = 6 scorers
2025-07-10 21:05:10,948 - src.utils - INFO - 🎯 Processing match 13200294 with CORRECTED EXTRACTION
2025-07-10 21:05:12,453 - src.utils - INFO - Attempt 1: Fetching https://api.sofascore.com/api/v1/event/13200294/incidents
2025-07-10 21:05:12,511 - src.utils - INFO - Response status: 200
2025-07-10 21:05:12,512 - src.utils - INFO - Successfully fetched data from: https://api.sofascore.com/api/v1/event/13200294/incidents
2025-07-10 21:05:14,018 - src.utils - INFO - Attempt 1: Fetching https://api.sofascore.com/api/v1/event/13200294/statistics
2025-07-10 21:05:14,069 - src.utils - INFO - Response status: 200
2025-07-10 21:05:14,070 - src.utils - INFO - Successfully fetched data from: https://api.sofascore.com/api/v1/event/13200294/statistics
2025-07-10 21:05:14,070 - src.utils - INFO - 🔧 Applying corrected extraction for Manchester City
2025-07-10 21:05:14,070 - src.utils - INFO - 🎯 Team perspective - Scored: 7, Conceded: 1, Final: 7-1
2025-07-10 21:05:14,071 - src.utils - INFO - 📊 Categorized 6 our goals, 0 opponent goals
2025-07-10 21:05:14,071 - src.utils - WARNING - 🔧 Added placeholder goal at 135' - incident data incomplete
2025-07-10 21:05:14,071 - src.utils - WARNING - 🔧 Added placeholder opponent goal at 25' - incident data incomplete
2025-07-10 21:05:14,071 - src.utils - INFO - ✅ Data consistency validation passed - ZERO MISMATCHES!
2025-07-10 21:05:14,071 - src.utils - INFO - ✅ CORRECTED EXTRACTION SUCCESS for match 13200294
2025-07-10 21:05:14,071 - src.utils - INFO - 🎉 PERFECT CONSISTENCY: 7 goals = 7 times = 7 scorers
2025-07-10 21:05:15,276 - src.utils - INFO - 🎯 Processing match 13200275 with CORRECTED EXTRACTION
2025-07-10 21:05:16,780 - src.utils - INFO - Attempt 1: Fetching https://api.sofascore.com/api/v1/event/13200275/incidents
2025-07-10 21:05:16,831 - src.utils - INFO - Response status: 200
2025-07-10 21:05:16,831 - src.utils - INFO - Successfully fetched data from: https://api.sofascore.com/api/v1/event/13200275/incidents
2025-07-10 21:05:18,337 - src.utils - INFO - Attempt 1: Fetching https://api.sofascore.com/api/v1/event/13200275/statistics
2025-07-10 21:05:18,393 - src.utils - INFO - Response status: 200
2025-07-10 21:05:18,394 - src.utils - INFO - Successfully fetched data from: https://api.sofascore.com/api/v1/event/13200275/statistics
2025-07-10 21:05:18,395 - src.utils - INFO - 🔧 Applying corrected extraction for Manchester City
2025-07-10 21:05:18,395 - src.utils - INFO - 🎯 Team perspective - Scored: 2, Conceded: 1, Final: 2-1
2025-07-10 21:05:18,395 - src.utils - INFO - 📊 Categorized 2 our goals, 0 opponent goals
2025-07-10 21:05:18,395 - src.utils - WARNING - 🔧 Added placeholder opponent goal at 25' - incident data incomplete
2025-07-10 21:05:18,395 - src.utils - INFO - ✅ Data consistency validation passed - ZERO MISMATCHES!
2025-07-10 21:05:18,395 - src.utils - INFO - ✅ CORRECTED EXTRACTION SUCCESS for match 13200275
2025-07-10 21:05:18,396 - src.utils - INFO - 🎉 PERFECT CONSISTENCY: 2 goals = 2 times = 2 scorers
2025-07-10 21:05:19,601 - src.utils - INFO - ✅ Collected 4 matches with CORRECTED extraction
2025-07-10 21:05:19,603 - src.utils - INFO - ✅ Comprehensive data collection with CORRECTED EXTRACTION completed for team 17
2025-07-10 21:26:32,764 - src.utils - INFO - 🎯 Starting comprehensive data collection for team 17 with CORRECTED EXTRACTION
2025-07-10 21:26:32,764 - src.utils - INFO - 📊 Collecting season statistics...
2025-07-10 21:26:32,764 - src.utils - INFO - 🏆 Fetching season stats for team 17 in tournament 17, season 52186
2025-07-10 21:26:32,764 - src.utils - INFO - 📊 Trying season stats endpoint: https://api.sofascore.com/api/v1/team/17/unique-tournament/17/season/52186/statistics/overall
2025-07-10 21:26:34,269 - src.utils - INFO - Attempt 1: Fetching https://api.sofascore.com/api/v1/team/17/unique-tournament/17/season/52186/statistics/overall
2025-07-10 21:26:34,326 - src.utils - INFO - Response status: 200
2025-07-10 21:26:34,326 - src.utils - INFO - Successfully fetched data from: https://api.sofascore.com/api/v1/team/17/unique-tournament/17/season/52186/statistics/overall
2025-07-10 21:26:34,327 - src.utils - INFO - 📊 Extracted 7 season statistics
2025-07-10 21:26:34,327 - src.utils - INFO - ✅ Got 7 season statistics from this endpoint
2025-07-10 21:26:35,832 - src.utils - INFO - Attempt 1: Fetching https://api.sofascore.com/api/v1/team/17
2025-07-10 21:26:35,874 - src.utils - INFO - Response status: 200
2025-07-10 21:26:35,874 - src.utils - INFO - Successfully fetched data from: https://api.sofascore.com/api/v1/team/17
2025-07-10 21:26:35,874 - src.utils - INFO - 📅 Collecting last 7 matches with CORRECTED EXTRACTION...
2025-07-10 21:26:35,875 - src.utils - INFO - 🎯 Fetching last 7 matches for team 17 with CORRECTED EXTRACTION
2025-07-10 21:26:37,378 - src.utils - INFO - Attempt 1: Fetching https://api.sofascore.com/api/v1/sport/football/scheduled-events/2025-07-09
2025-07-10 21:26:37,496 - src.utils - INFO - Response status: 200
2025-07-10 21:26:37,505 - src.utils - INFO - Successfully fetched data from: https://api.sofascore.com/api/v1/sport/football/scheduled-events/2025-07-09
2025-07-10 21:26:39,011 - src.utils - INFO - Attempt 1: Fetching https://api.sofascore.com/api/v1/sport/football/scheduled-events/2025-07-08
2025-07-10 21:26:39,110 - src.utils - INFO - Response status: 200
2025-07-10 21:26:39,116 - src.utils - INFO - Successfully fetched data from: https://api.sofascore.com/api/v1/sport/football/scheduled-events/2025-07-08
2025-07-10 21:26:40,622 - src.utils - INFO - Attempt 1: Fetching https://api.sofascore.com/api/v1/sport/football/scheduled-events/2025-07-07
2025-07-10 21:26:40,742 - src.utils - INFO - Response status: 200
2025-07-10 21:26:40,748 - src.utils - INFO - Successfully fetched data from: https://api.sofascore.com/api/v1/sport/football/scheduled-events/2025-07-07
2025-07-10 21:26:42,252 - src.utils - INFO - Attempt 1: Fetching https://api.sofascore.com/api/v1/sport/football/scheduled-events/2025-07-06
2025-07-10 21:26:42,417 - src.utils - INFO - Response status: 200
2025-07-10 21:26:42,429 - src.utils - INFO - Successfully fetched data from: https://api.sofascore.com/api/v1/sport/football/scheduled-events/2025-07-06
2025-07-10 21:26:43,934 - src.utils - INFO - Attempt 1: Fetching https://api.sofascore.com/api/v1/sport/football/scheduled-events/2025-07-05
2025-07-10 21:26:44,127 - src.utils - INFO - Response status: 200
2025-07-10 21:26:44,141 - src.utils - INFO - Successfully fetched data from: https://api.sofascore.com/api/v1/sport/football/scheduled-events/2025-07-05
2025-07-10 21:26:45,645 - src.utils - INFO - Attempt 1: Fetching https://api.sofascore.com/api/v1/sport/football/scheduled-events/2025-07-04
2025-07-10 21:26:45,774 - src.utils - INFO - Response status: 200
2025-07-10 21:26:45,786 - src.utils - INFO - Successfully fetched data from: https://api.sofascore.com/api/v1/sport/football/scheduled-events/2025-07-04
2025-07-10 21:26:47,294 - src.utils - INFO - Attempt 1: Fetching https://api.sofascore.com/api/v1/sport/football/scheduled-events/2025-07-03
2025-07-10 21:26:47,421 - src.utils - INFO - Response status: 200
2025-07-10 21:26:47,426 - src.utils - INFO - Successfully fetched data from: https://api.sofascore.com/api/v1/sport/football/scheduled-events/2025-07-03
2025-07-10 21:26:48,933 - src.utils - INFO - Attempt 1: Fetching https://api.sofascore.com/api/v1/sport/football/scheduled-events/2025-07-02
2025-07-10 21:26:49,039 - src.utils - INFO - Response status: 200
2025-07-10 21:26:49,045 - src.utils - INFO - Successfully fetched data from: https://api.sofascore.com/api/v1/sport/football/scheduled-events/2025-07-02
2025-07-10 21:26:50,550 - src.utils - INFO - Attempt 1: Fetching https://api.sofascore.com/api/v1/sport/football/scheduled-events/2025-07-01
2025-07-10 21:26:50,649 - src.utils - INFO - Response status: 200
2025-07-10 21:26:50,654 - src.utils - INFO - Successfully fetched data from: https://api.sofascore.com/api/v1/sport/football/scheduled-events/2025-07-01
2025-07-10 21:26:50,655 - src.utils - INFO -    ✅ Found match: Manchester City vs Al-Hilal
2025-07-10 21:26:52,161 - src.utils - INFO - Attempt 1: Fetching https://api.sofascore.com/api/v1/sport/football/scheduled-events/2025-06-30
2025-07-10 21:26:52,287 - src.utils - INFO - Response status: 200
2025-07-10 21:26:52,295 - src.utils - INFO - Successfully fetched data from: https://api.sofascore.com/api/v1/sport/football/scheduled-events/2025-06-30
2025-07-10 21:26:52,296 - src.utils - INFO -    ✅ Found match: Manchester City vs Al-Hilal
2025-07-10 21:26:54,306 - src.utils - INFO - Attempt 1: Fetching https://api.sofascore.com/api/v1/sport/football/scheduled-events/2025-06-29
2025-07-10 21:26:54,526 - src.utils - INFO - Response status: 200
2025-07-10 21:26:54,538 - src.utils - INFO - Successfully fetched data from: https://api.sofascore.com/api/v1/sport/football/scheduled-events/2025-06-29
2025-07-10 21:26:56,042 - src.utils - INFO - Attempt 1: Fetching https://api.sofascore.com/api/v1/sport/football/scheduled-events/2025-06-28
2025-07-10 21:26:56,266 - src.utils - INFO - Response status: 200
2025-07-10 21:26:56,280 - src.utils - INFO - Successfully fetched data from: https://api.sofascore.com/api/v1/sport/football/scheduled-events/2025-06-28
2025-07-10 21:26:57,785 - src.utils - INFO - Attempt 1: Fetching https://api.sofascore.com/api/v1/sport/football/scheduled-events/2025-06-27
2025-07-10 21:26:57,913 - src.utils - INFO - Response status: 200
2025-07-10 21:26:57,918 - src.utils - INFO - Successfully fetched data from: https://api.sofascore.com/api/v1/sport/football/scheduled-events/2025-06-27
2025-07-10 21:26:57,919 - src.utils - INFO -    ✅ Found match: Juventus vs Manchester City
2025-07-10 21:26:59,419 - src.utils - INFO - Attempt 1: Fetching https://api.sofascore.com/api/v1/sport/football/scheduled-events/2025-06-26
2025-07-10 21:26:59,529 - src.utils - INFO - Response status: 200
2025-07-10 21:26:59,534 - src.utils - INFO - Successfully fetched data from: https://api.sofascore.com/api/v1/sport/football/scheduled-events/2025-06-26
2025-07-10 21:26:59,536 - src.utils - INFO -    ✅ Found match: Juventus vs Manchester City
2025-07-10 21:27:01,042 - src.utils - INFO - Attempt 1: Fetching https://api.sofascore.com/api/v1/sport/football/scheduled-events/2025-06-25
2025-07-10 21:27:01,170 - src.utils - INFO - Response status: 200
2025-07-10 21:27:01,176 - src.utils - INFO - Successfully fetched data from: https://api.sofascore.com/api/v1/sport/football/scheduled-events/2025-06-25
2025-07-10 21:27:02,682 - src.utils - INFO - Attempt 1: Fetching https://api.sofascore.com/api/v1/sport/football/scheduled-events/2025-06-24
2025-07-10 21:27:02,778 - src.utils - INFO - Response status: 200
2025-07-10 21:27:02,783 - src.utils - INFO - Successfully fetched data from: https://api.sofascore.com/api/v1/sport/football/scheduled-events/2025-06-24
2025-07-10 21:27:04,287 - src.utils - INFO - Attempt 1: Fetching https://api.sofascore.com/api/v1/sport/football/scheduled-events/2025-06-23
2025-07-10 21:27:04,413 - src.utils - INFO - Response status: 200
2025-07-10 21:27:04,422 - src.utils - INFO - Successfully fetched data from: https://api.sofascore.com/api/v1/sport/football/scheduled-events/2025-06-23
2025-07-10 21:27:04,423 - src.utils - INFO -    ✅ Found match: Manchester City vs Al-Ain
2025-07-10 21:27:05,928 - src.utils - INFO - Attempt 1: Fetching https://api.sofascore.com/api/v1/sport/football/scheduled-events/2025-06-22
2025-07-10 21:27:06,092 - src.utils - INFO - Response status: 200
2025-07-10 21:27:06,105 - src.utils - INFO - Successfully fetched data from: https://api.sofascore.com/api/v1/sport/football/scheduled-events/2025-06-22
2025-07-10 21:27:06,106 - src.utils - INFO -    ✅ Found match: Manchester City vs Al-Ain
2025-07-10 21:27:07,607 - src.utils - INFO - Attempt 1: Fetching https://api.sofascore.com/api/v1/sport/football/scheduled-events/2025-06-21
2025-07-10 21:27:07,830 - src.utils - INFO - Response status: 200
2025-07-10 21:27:07,839 - src.utils - INFO - Successfully fetched data from: https://api.sofascore.com/api/v1/sport/football/scheduled-events/2025-06-21
2025-07-10 21:27:09,346 - src.utils - INFO - Attempt 1: Fetching https://api.sofascore.com/api/v1/sport/football/scheduled-events/2025-06-20
2025-07-10 21:27:09,473 - src.utils - INFO - Response status: 200
2025-07-10 21:27:09,482 - src.utils - INFO - Successfully fetched data from: https://api.sofascore.com/api/v1/sport/football/scheduled-events/2025-06-20
2025-07-10 21:27:11,495 - src.utils - INFO - Attempt 1: Fetching https://api.sofascore.com/api/v1/sport/football/scheduled-events/2025-06-19
2025-07-10 21:27:11,606 - src.utils - INFO - Response status: 200
2025-07-10 21:27:11,613 - src.utils - INFO - Successfully fetched data from: https://api.sofascore.com/api/v1/sport/football/scheduled-events/2025-06-19
2025-07-10 21:27:11,615 - src.utils - INFO -    ✅ Found match: Manchester City vs Wydad Casablanca
2025-07-10 21:27:11,615 - src.utils - INFO - 📊 Found 7 completed matches
2025-07-10 21:27:11,616 - src.utils - INFO - 🎯 Processing match 13385903 with CORRECTED EXTRACTION
2025-07-10 21:27:13,121 - src.utils - INFO - Attempt 1: Fetching https://api.sofascore.com/api/v1/event/13385903/incidents
2025-07-10 21:27:13,185 - src.utils - INFO - Response status: 200
2025-07-10 21:27:13,186 - src.utils - INFO - Successfully fetched data from: https://api.sofascore.com/api/v1/event/13385903/incidents
2025-07-10 21:27:14,688 - src.utils - INFO - Attempt 1: Fetching https://api.sofascore.com/api/v1/event/13385903/statistics
2025-07-10 21:27:14,748 - src.utils - INFO - Response status: 200
2025-07-10 21:27:14,750 - src.utils - INFO - Successfully fetched data from: https://api.sofascore.com/api/v1/event/13385903/statistics
2025-07-10 21:27:14,750 - src.utils - INFO - 🔧 Applying corrected extraction for Manchester City
2025-07-10 21:27:14,750 - src.utils - INFO - 🎯 Team perspective - Scored: 3, Conceded: 4, Final: 3-4
2025-07-10 21:27:14,751 - src.utils - INFO - 📊 Categorized 7 our goals, 0 opponent goals
2025-07-10 21:27:14,751 - src.utils - WARNING - 🔧 Added placeholder opponent goal at 25' - incident data incomplete
2025-07-10 21:27:14,751 - src.utils - WARNING - 🔧 Added placeholder opponent goal at 50' - incident data incomplete
2025-07-10 21:27:14,751 - src.utils - WARNING - 🔧 Added placeholder opponent goal at 75' - incident data incomplete
2025-07-10 21:27:14,751 - src.utils - WARNING - 🔧 Added placeholder opponent goal at 100' - incident data incomplete
2025-07-10 21:27:14,751 - src.utils - INFO - ✅ Data consistency validation passed - ZERO MISMATCHES!
2025-07-10 21:27:14,751 - src.utils - INFO - ✅ CORRECTED EXTRACTION SUCCESS for match 13385903
2025-07-10 21:27:14,751 - src.utils - INFO - 🎉 PERFECT CONSISTENCY: 3 goals = 3 times = 3 scorers
2025-07-10 21:27:15,955 - src.utils - INFO - 🎯 Processing match 13200232 with CORRECTED EXTRACTION
2025-07-10 21:27:17,457 - src.utils - INFO - Attempt 1: Fetching https://api.sofascore.com/api/v1/event/13200232/incidents
2025-07-10 21:27:17,520 - src.utils - INFO - Response status: 200
2025-07-10 21:27:17,522 - src.utils - INFO - Successfully fetched data from: https://api.sofascore.com/api/v1/event/13200232/incidents
2025-07-10 21:27:19,028 - src.utils - INFO - Attempt 1: Fetching https://api.sofascore.com/api/v1/event/13200232/statistics
2025-07-10 21:27:19,081 - src.utils - INFO - Response status: 200
2025-07-10 21:27:19,082 - src.utils - INFO - Successfully fetched data from: https://api.sofascore.com/api/v1/event/13200232/statistics
2025-07-10 21:27:19,083 - src.utils - INFO - 🔧 Applying corrected extraction for Manchester City
2025-07-10 21:27:19,083 - src.utils - INFO - 🎯 Team perspective - Scored: 6, Conceded: 2, Final: 6-2
2025-07-10 21:27:19,083 - src.utils - INFO - 📊 Categorized 7 our goals, 0 opponent goals
2025-07-10 21:27:19,083 - src.utils - WARNING - 🔧 Added placeholder opponent goal at 25' - incident data incomplete
2025-07-10 21:27:19,083 - src.utils - WARNING - 🔧 Added placeholder opponent goal at 50' - incident data incomplete
2025-07-10 21:27:19,083 - src.utils - INFO - ✅ Data consistency validation passed - ZERO MISMATCHES!
2025-07-10 21:27:19,083 - src.utils - INFO - ✅ CORRECTED EXTRACTION SUCCESS for match 13200232
2025-07-10 21:27:19,083 - src.utils - INFO - 🎉 PERFECT CONSISTENCY: 6 goals = 6 times = 6 scorers
2025-07-10 21:27:20,285 - src.utils - INFO - 🎯 Processing match 13200294 with CORRECTED EXTRACTION
2025-07-10 21:27:21,788 - src.utils - INFO - Attempt 1: Fetching https://api.sofascore.com/api/v1/event/13200294/incidents
2025-07-10 21:27:21,841 - src.utils - INFO - Response status: 200
2025-07-10 21:27:21,842 - src.utils - INFO - Successfully fetched data from: https://api.sofascore.com/api/v1/event/13200294/incidents
2025-07-10 21:27:23,348 - src.utils - INFO - Attempt 1: Fetching https://api.sofascore.com/api/v1/event/13200294/statistics
2025-07-10 21:27:23,411 - src.utils - INFO - Response status: 200
2025-07-10 21:27:23,412 - src.utils - INFO - Successfully fetched data from: https://api.sofascore.com/api/v1/event/13200294/statistics
2025-07-10 21:27:23,412 - src.utils - INFO - 🔧 Applying corrected extraction for Manchester City
2025-07-10 21:27:23,413 - src.utils - INFO - 🎯 Team perspective - Scored: 7, Conceded: 1, Final: 7-1
2025-07-10 21:27:23,413 - src.utils - INFO - 📊 Categorized 6 our goals, 0 opponent goals
2025-07-10 21:27:23,413 - src.utils - WARNING - 🔧 Added placeholder goal at 135' - incident data incomplete
2025-07-10 21:27:23,413 - src.utils - WARNING - 🔧 Added placeholder opponent goal at 25' - incident data incomplete
2025-07-10 21:27:23,413 - src.utils - INFO - ✅ Data consistency validation passed - ZERO MISMATCHES!
2025-07-10 21:27:23,413 - src.utils - INFO - ✅ CORRECTED EXTRACTION SUCCESS for match 13200294
2025-07-10 21:27:23,414 - src.utils - INFO - 🎉 PERFECT CONSISTENCY: 7 goals = 7 times = 7 scorers
2025-07-10 21:27:24,619 - src.utils - INFO - 🎯 Processing match 13200275 with CORRECTED EXTRACTION
2025-07-10 21:27:26,122 - src.utils - INFO - Attempt 1: Fetching https://api.sofascore.com/api/v1/event/13200275/incidents
2025-07-10 21:27:26,177 - src.utils - INFO - Response status: 200
2025-07-10 21:27:26,178 - src.utils - INFO - Successfully fetched data from: https://api.sofascore.com/api/v1/event/13200275/incidents
2025-07-10 21:27:27,684 - src.utils - INFO - Attempt 1: Fetching https://api.sofascore.com/api/v1/event/13200275/statistics
2025-07-10 21:27:27,740 - src.utils - INFO - Response status: 200
2025-07-10 21:27:27,740 - src.utils - INFO - Successfully fetched data from: https://api.sofascore.com/api/v1/event/13200275/statistics
2025-07-10 21:27:27,741 - src.utils - INFO - 🔧 Applying corrected extraction for Manchester City
2025-07-10 21:27:27,741 - src.utils - INFO - 🎯 Team perspective - Scored: 2, Conceded: 1, Final: 2-1
2025-07-10 21:27:27,741 - src.utils - INFO - 📊 Categorized 2 our goals, 0 opponent goals
2025-07-10 21:27:27,741 - src.utils - WARNING - 🔧 Added placeholder opponent goal at 25' - incident data incomplete
2025-07-10 21:27:27,741 - src.utils - INFO - ✅ Data consistency validation passed - ZERO MISMATCHES!
2025-07-10 21:27:27,741 - src.utils - INFO - ✅ CORRECTED EXTRACTION SUCCESS for match 13200275
2025-07-10 21:27:27,742 - src.utils - INFO - 🎉 PERFECT CONSISTENCY: 2 goals = 2 times = 2 scorers
2025-07-10 21:27:28,946 - src.utils - INFO - ✅ Collected 4 matches with CORRECTED extraction
2025-07-10 21:27:28,948 - src.utils - INFO - ✅ Comprehensive data collection with CORRECTED EXTRACTION completed for team 17
