2025-07-15 15:31:48,254 - src.utils - INFO - 🎯 Starting test for team 17
2025-07-15 15:31:48,254 - src.utils - INFO - 📅 Fetching last 7 matches for team 17
2025-07-15 15:31:49,760 - src.utils - INFO - Attempt 1: Fetching https://api.sofascore.com/api/v1/sport/football/scheduled-events/2025-07-14
2025-07-15 15:31:49,931 - src.utils - INFO - Response status: 200
2025-07-15 15:31:49,933 - src.utils - INFO - Successfully fetched data from: https://api.sofascore.com/api/v1/sport/football/scheduled-events/2025-07-14
2025-07-15 15:31:51,439 - src.utils - INFO - Attempt 1: Fetching https://api.sofascore.com/api/v1/sport/football/scheduled-events/2025-07-13
2025-07-15 15:31:51,632 - src.utils - INFO - Response status: 200
2025-07-15 15:31:51,648 - src.utils - INFO - Successfully fetched data from: https://api.sofascore.com/api/v1/sport/football/scheduled-events/2025-07-13
2025-07-15 15:31:53,154 - src.utils - INFO - Attempt 1: Fetching https://api.sofascore.com/api/v1/sport/football/scheduled-events/2025-07-12
2025-07-15 15:31:53,333 - src.utils - INFO - Response status: 200
2025-07-15 15:31:53,349 - src.utils - INFO - Successfully fetched data from: https://api.sofascore.com/api/v1/sport/football/scheduled-events/2025-07-12
2025-07-15 15:31:54,856 - src.utils - INFO - Attempt 1: Fetching https://api.sofascore.com/api/v1/sport/football/scheduled-events/2025-07-11
2025-07-15 15:31:55,005 - src.utils - INFO - Response status: 200
2025-07-15 15:31:55,015 - src.utils - INFO - Successfully fetched data from: https://api.sofascore.com/api/v1/sport/football/scheduled-events/2025-07-11
2025-07-15 15:31:56,523 - src.utils - INFO - Attempt 1: Fetching https://api.sofascore.com/api/v1/sport/football/scheduled-events/2025-07-10
2025-07-15 15:31:56,639 - src.utils - INFO - Response status: 200
2025-07-15 15:31:56,647 - src.utils - INFO - Successfully fetched data from: https://api.sofascore.com/api/v1/sport/football/scheduled-events/2025-07-10
2025-07-15 15:31:58,958 - src.utils - INFO - Attempt 1: Fetching https://api.sofascore.com/api/v1/sport/football/scheduled-events/2025-07-09
2025-07-15 15:31:59,066 - src.utils - INFO - Response status: 200
2025-07-15 15:31:59,080 - src.utils - INFO - Successfully fetched data from: https://api.sofascore.com/api/v1/sport/football/scheduled-events/2025-07-09
2025-07-15 15:32:00,586 - src.utils - INFO - Attempt 1: Fetching https://api.sofascore.com/api/v1/sport/football/scheduled-events/2025-07-08
2025-07-15 15:32:00,682 - src.utils - INFO - Response status: 200
2025-07-15 15:32:00,685 - src.utils - INFO - Successfully fetched data from: https://api.sofascore.com/api/v1/sport/football/scheduled-events/2025-07-08
2025-07-15 15:32:02,191 - src.utils - INFO - Attempt 1: Fetching https://api.sofascore.com/api/v1/sport/football/scheduled-events/2025-07-07
2025-07-15 15:32:02,298 - src.utils - INFO - Response status: 200
2025-07-15 15:32:02,305 - src.utils - INFO - Successfully fetched data from: https://api.sofascore.com/api/v1/sport/football/scheduled-events/2025-07-07
2025-07-15 15:32:03,807 - src.utils - INFO - Attempt 1: Fetching https://api.sofascore.com/api/v1/sport/football/scheduled-events/2025-07-06
2025-07-15 15:32:03,978 - src.utils - INFO - Response status: 200
2025-07-15 15:32:03,993 - src.utils - INFO - Successfully fetched data from: https://api.sofascore.com/api/v1/sport/football/scheduled-events/2025-07-06
2025-07-15 15:32:05,499 - src.utils - INFO - Attempt 1: Fetching https://api.sofascore.com/api/v1/sport/football/scheduled-events/2025-07-05
2025-07-15 15:32:05,672 - src.utils - INFO - Response status: 200
2025-07-15 15:32:05,684 - src.utils - INFO - Successfully fetched data from: https://api.sofascore.com/api/v1/sport/football/scheduled-events/2025-07-05
2025-07-15 15:32:07,994 - src.utils - INFO - Attempt 1: Fetching https://api.sofascore.com/api/v1/sport/football/scheduled-events/2025-07-04
2025-07-15 15:32:08,132 - src.utils - INFO - Response status: 200
2025-07-15 15:32:08,142 - src.utils - INFO - Successfully fetched data from: https://api.sofascore.com/api/v1/sport/football/scheduled-events/2025-07-04
2025-07-15 15:32:09,650 - src.utils - INFO - Attempt 1: Fetching https://api.sofascore.com/api/v1/sport/football/scheduled-events/2025-07-03
2025-07-15 15:32:09,752 - src.utils - INFO - Response status: 200
2025-07-15 15:32:09,758 - src.utils - INFO - Successfully fetched data from: https://api.sofascore.com/api/v1/sport/football/scheduled-events/2025-07-03
2025-07-15 15:32:11,265 - src.utils - INFO - Attempt 1: Fetching https://api.sofascore.com/api/v1/sport/football/scheduled-events/2025-07-02
2025-07-15 15:32:12,883 - src.utils - INFO - Response status: 200
2025-07-15 15:32:12,889 - src.utils - INFO - Successfully fetched data from: https://api.sofascore.com/api/v1/sport/football/scheduled-events/2025-07-02
2025-07-15 15:32:14,394 - src.utils - INFO - Attempt 1: Fetching https://api.sofascore.com/api/v1/sport/football/scheduled-events/2025-07-01
2025-07-15 15:32:14,491 - src.utils - INFO - Response status: 200
2025-07-15 15:32:14,498 - src.utils - INFO - Successfully fetched data from: https://api.sofascore.com/api/v1/sport/football/scheduled-events/2025-07-01
2025-07-15 15:32:14,499 - src.utils - INFO -    ✅ Found completed match on 2025-07-01: Manchester City vs Al-Hilal
2025-07-15 15:32:16,004 - src.utils - INFO - Attempt 1: Fetching https://api.sofascore.com/api/v1/sport/football/scheduled-events/2025-06-30
2025-07-15 15:32:16,131 - src.utils - INFO - Response status: 200
2025-07-15 15:32:16,140 - src.utils - INFO - Successfully fetched data from: https://api.sofascore.com/api/v1/sport/football/scheduled-events/2025-06-30
2025-07-15 15:32:16,141 - src.utils - INFO -    ✅ Found completed match on 2025-06-30: Manchester City vs Al-Hilal
2025-07-15 15:32:18,447 - src.utils - INFO - Attempt 1: Fetching https://api.sofascore.com/api/v1/sport/football/scheduled-events/2025-06-29
2025-07-15 15:32:18,613 - src.utils - INFO - Response status: 200
2025-07-15 15:32:18,628 - src.utils - INFO - Successfully fetched data from: https://api.sofascore.com/api/v1/sport/football/scheduled-events/2025-06-29
2025-07-15 15:32:20,135 - src.utils - INFO - Attempt 1: Fetching https://api.sofascore.com/api/v1/sport/football/scheduled-events/2025-06-28
2025-07-15 15:32:20,335 - src.utils - INFO - Response status: 200
2025-07-15 15:32:20,349 - src.utils - INFO - Successfully fetched data from: https://api.sofascore.com/api/v1/sport/football/scheduled-events/2025-06-28
2025-07-15 15:32:21,852 - src.utils - INFO - Attempt 1: Fetching https://api.sofascore.com/api/v1/sport/football/scheduled-events/2025-06-27
2025-07-15 15:32:21,985 - src.utils - INFO - Response status: 200
2025-07-15 15:32:21,996 - src.utils - INFO - Successfully fetched data from: https://api.sofascore.com/api/v1/sport/football/scheduled-events/2025-06-27
2025-07-15 15:32:21,997 - src.utils - INFO -    ✅ Found completed match on 2025-06-27: Juventus vs Manchester City
2025-07-15 15:32:23,499 - src.utils - INFO - Attempt 1: Fetching https://api.sofascore.com/api/v1/sport/football/scheduled-events/2025-06-26
2025-07-15 15:32:23,607 - src.utils - INFO - Response status: 200
2025-07-15 15:32:23,613 - src.utils - INFO - Successfully fetched data from: https://api.sofascore.com/api/v1/sport/football/scheduled-events/2025-06-26
2025-07-15 15:32:23,615 - src.utils - INFO -    ✅ Found completed match on 2025-06-26: Juventus vs Manchester City
2025-07-15 15:32:25,121 - src.utils - INFO - Attempt 1: Fetching https://api.sofascore.com/api/v1/sport/football/scheduled-events/2025-06-25
2025-07-15 15:32:25,233 - src.utils - INFO - Response status: 200
2025-07-15 15:32:25,240 - src.utils - INFO - Successfully fetched data from: https://api.sofascore.com/api/v1/sport/football/scheduled-events/2025-06-25
2025-07-15 15:32:27,549 - src.utils - INFO - Attempt 1: Fetching https://api.sofascore.com/api/v1/sport/football/scheduled-events/2025-06-24
2025-07-15 15:32:27,654 - src.utils - INFO - Response status: 200
2025-07-15 15:32:27,660 - src.utils - INFO - Successfully fetched data from: https://api.sofascore.com/api/v1/sport/football/scheduled-events/2025-06-24
2025-07-15 15:32:29,166 - src.utils - INFO - Attempt 1: Fetching https://api.sofascore.com/api/v1/sport/football/scheduled-events/2025-06-23
2025-07-15 15:32:29,740 - src.utils - INFO - Response status: 200
2025-07-15 15:32:29,751 - src.utils - INFO - Successfully fetched data from: https://api.sofascore.com/api/v1/sport/football/scheduled-events/2025-06-23
2025-07-15 15:32:29,752 - src.utils - INFO -    ✅ Found completed match on 2025-06-23: Manchester City vs Al-Ain
2025-07-15 15:32:31,257 - src.utils - INFO - Attempt 1: Fetching https://api.sofascore.com/api/v1/sport/football/scheduled-events/2025-06-22
2025-07-15 15:32:31,437 - src.utils - INFO - Response status: 200
2025-07-15 15:32:31,453 - src.utils - INFO - Successfully fetched data from: https://api.sofascore.com/api/v1/sport/football/scheduled-events/2025-06-22
2025-07-15 15:32:31,454 - src.utils - INFO -    ✅ Found completed match on 2025-06-22: Manchester City vs Al-Ain
2025-07-15 15:32:32,960 - src.utils - INFO - Attempt 1: Fetching https://api.sofascore.com/api/v1/sport/football/scheduled-events/2025-06-21
2025-07-15 15:32:33,116 - src.utils - INFO - Response status: 200
2025-07-15 15:32:33,129 - src.utils - INFO - Successfully fetched data from: https://api.sofascore.com/api/v1/sport/football/scheduled-events/2025-06-21
2025-07-15 15:32:34,636 - src.utils - INFO - Attempt 1: Fetching https://api.sofascore.com/api/v1/sport/football/scheduled-events/2025-06-20
2025-07-15 15:32:34,758 - src.utils - INFO - Response status: 200
2025-07-15 15:32:34,767 - src.utils - INFO - Successfully fetched data from: https://api.sofascore.com/api/v1/sport/football/scheduled-events/2025-06-20
2025-07-15 15:32:37,075 - src.utils - INFO - Attempt 1: Fetching https://api.sofascore.com/api/v1/sport/football/scheduled-events/2025-06-19
2025-07-15 15:32:37,190 - src.utils - INFO - Response status: 200
2025-07-15 15:32:37,197 - src.utils - INFO - Successfully fetched data from: https://api.sofascore.com/api/v1/sport/football/scheduled-events/2025-06-19
2025-07-15 15:32:37,199 - src.utils - INFO -    ✅ Found completed match on 2025-06-19: Manchester City vs Wydad Casablanca
2025-07-15 15:32:37,199 - src.utils - INFO - 📊 Found 7 completed matches
2025-07-15 15:32:37,199 - src.utils - INFO - 🔍 Processing match 1/7: 13385903
2025-07-15 15:32:38,702 - src.utils - INFO - Attempt 1: Fetching https://api.sofascore.com/api/v1/event/13385903/statistics
2025-07-15 15:32:38,753 - src.utils - INFO - Response status: 200
2025-07-15 15:32:38,754 - src.utils - INFO - Successfully fetched data from: https://api.sofascore.com/api/v1/event/13385903/statistics
2025-07-15 15:32:40,259 - src.utils - INFO - Attempt 1: Fetching https://api.sofascore.com/api/v1/event/13385903/incidents
2025-07-15 15:32:40,320 - src.utils - INFO - Response status: 200
2025-07-15 15:32:40,321 - src.utils - INFO - Successfully fetched data from: https://api.sofascore.com/api/v1/event/13385903/incidents
2025-07-15 15:32:41,326 - src.utils - INFO - 🔍 Processing match 2/7: 13385903
2025-07-15 15:32:42,832 - src.utils - INFO - Attempt 1: Fetching https://api.sofascore.com/api/v1/event/13385903/statistics
2025-07-15 15:32:42,883 - src.utils - INFO - Response status: 200
2025-07-15 15:32:42,884 - src.utils - INFO - Successfully fetched data from: https://api.sofascore.com/api/v1/event/13385903/statistics
2025-07-15 15:32:44,386 - src.utils - INFO - Attempt 1: Fetching https://api.sofascore.com/api/v1/event/13385903/incidents
2025-07-15 15:32:44,448 - src.utils - INFO - Response status: 200
2025-07-15 15:32:44,450 - src.utils - INFO - Successfully fetched data from: https://api.sofascore.com/api/v1/event/13385903/incidents
2025-07-15 15:32:45,456 - src.utils - INFO - 🔍 Processing match 3/7: 13200232
2025-07-15 15:32:46,962 - src.utils - INFO - Attempt 1: Fetching https://api.sofascore.com/api/v1/event/13200232/statistics
2025-07-15 15:32:47,014 - src.utils - INFO - Response status: 200
2025-07-15 15:32:47,015 - src.utils - INFO - Successfully fetched data from: https://api.sofascore.com/api/v1/event/13200232/statistics
2025-07-15 15:32:48,520 - src.utils - INFO - Attempt 1: Fetching https://api.sofascore.com/api/v1/event/13200232/incidents
2025-07-15 15:32:48,585 - src.utils - INFO - Response status: 200
2025-07-15 15:32:48,587 - src.utils - INFO - Successfully fetched data from: https://api.sofascore.com/api/v1/event/13200232/incidents
2025-07-15 15:32:49,592 - src.utils - INFO - 🔍 Processing match 4/7: 13200232
2025-07-15 15:32:51,097 - src.utils - INFO - Attempt 1: Fetching https://api.sofascore.com/api/v1/event/13200232/statistics
2025-07-15 15:32:51,147 - src.utils - INFO - Response status: 200
2025-07-15 15:32:51,148 - src.utils - INFO - Successfully fetched data from: https://api.sofascore.com/api/v1/event/13200232/statistics
2025-07-15 15:32:52,652 - src.utils - INFO - Attempt 1: Fetching https://api.sofascore.com/api/v1/event/13200232/incidents
2025-07-15 15:32:52,717 - src.utils - INFO - Response status: 200
2025-07-15 15:32:52,718 - src.utils - INFO - Successfully fetched data from: https://api.sofascore.com/api/v1/event/13200232/incidents
2025-07-15 15:32:53,724 - src.utils - INFO - 🔍 Processing match 5/7: 13200294
2025-07-15 15:32:55,227 - src.utils - INFO - Attempt 1: Fetching https://api.sofascore.com/api/v1/event/13200294/statistics
2025-07-15 15:32:55,278 - src.utils - INFO - Response status: 200
2025-07-15 15:32:55,279 - src.utils - INFO - Successfully fetched data from: https://api.sofascore.com/api/v1/event/13200294/statistics
2025-07-15 15:32:56,785 - src.utils - INFO - Attempt 1: Fetching https://api.sofascore.com/api/v1/event/13200294/incidents
2025-07-15 15:32:56,837 - src.utils - INFO - Response status: 200
2025-07-15 15:32:56,838 - src.utils - INFO - Successfully fetched data from: https://api.sofascore.com/api/v1/event/13200294/incidents
2025-07-15 15:32:57,843 - src.utils - INFO - 🔍 Processing match 6/7: 13200294
2025-07-15 15:32:59,348 - src.utils - INFO - Attempt 1: Fetching https://api.sofascore.com/api/v1/event/13200294/statistics
2025-07-15 15:32:59,401 - src.utils - INFO - Response status: 200
2025-07-15 15:32:59,402 - src.utils - INFO - Successfully fetched data from: https://api.sofascore.com/api/v1/event/13200294/statistics
2025-07-15 15:33:00,908 - src.utils - INFO - Attempt 1: Fetching https://api.sofascore.com/api/v1/event/13200294/incidents
2025-07-15 15:33:00,961 - src.utils - INFO - Response status: 200
2025-07-15 15:33:00,962 - src.utils - INFO - Successfully fetched data from: https://api.sofascore.com/api/v1/event/13200294/incidents
2025-07-15 15:33:01,966 - src.utils - INFO - 🔍 Processing match 7/7: 13200275
2025-07-15 15:33:03,471 - src.utils - INFO - Attempt 1: Fetching https://api.sofascore.com/api/v1/event/13200275/statistics
2025-07-15 15:33:03,522 - src.utils - INFO - Response status: 200
2025-07-15 15:33:03,523 - src.utils - INFO - Successfully fetched data from: https://api.sofascore.com/api/v1/event/13200275/statistics
2025-07-15 15:33:05,026 - src.utils - INFO - Attempt 1: Fetching https://api.sofascore.com/api/v1/event/13200275/incidents
2025-07-15 15:33:05,153 - src.utils - INFO - Response status: 200
2025-07-15 15:33:05,154 - src.utils - INFO - Successfully fetched data from: https://api.sofascore.com/api/v1/event/13200275/incidents
2025-07-15 15:33:06,159 - src.utils - INFO - ✅ Collected detailed data for 7 recent matches
2025-07-15 15:33:06,177 - src.utils - INFO - 📁 Exported 7 matches to exports/team_17_historical_matches_20250715_153306.csv
2025-07-15 15:42:28,279 - src.utils - INFO - 🎯 Starting test for team 17
2025-07-15 15:42:28,279 - src.utils - INFO - 📅 Fetching last 7 matches for team 17
2025-07-15 15:42:29,784 - src.utils - INFO - Attempt 1: Fetching https://api.sofascore.com/api/v1/sport/football/scheduled-events/2025-07-14
2025-07-15 15:42:29,943 - src.utils - INFO - Response status: 200
2025-07-15 15:42:29,954 - src.utils - INFO - Successfully fetched data from: https://api.sofascore.com/api/v1/sport/football/scheduled-events/2025-07-14
2025-07-15 15:42:31,459 - src.utils - INFO - Attempt 1: Fetching https://api.sofascore.com/api/v1/sport/football/scheduled-events/2025-07-13
2025-07-15 15:42:31,676 - src.utils - INFO - Response status: 200
2025-07-15 15:42:31,692 - src.utils - INFO - Successfully fetched data from: https://api.sofascore.com/api/v1/sport/football/scheduled-events/2025-07-13
2025-07-15 15:42:33,193 - src.utils - INFO - Attempt 1: Fetching https://api.sofascore.com/api/v1/sport/football/scheduled-events/2025-07-12
2025-07-15 15:42:33,370 - src.utils - INFO - Response status: 200
2025-07-15 15:42:33,386 - src.utils - INFO - Successfully fetched data from: https://api.sofascore.com/api/v1/sport/football/scheduled-events/2025-07-12
2025-07-15 15:42:34,890 - src.utils - INFO - Attempt 1: Fetching https://api.sofascore.com/api/v1/sport/football/scheduled-events/2025-07-11
2025-07-15 15:42:35,029 - src.utils - INFO - Response status: 200
2025-07-15 15:42:35,039 - src.utils - INFO - Successfully fetched data from: https://api.sofascore.com/api/v1/sport/football/scheduled-events/2025-07-11
2025-07-15 15:42:36,547 - src.utils - INFO - Attempt 1: Fetching https://api.sofascore.com/api/v1/sport/football/scheduled-events/2025-07-10
2025-07-15 15:42:36,657 - src.utils - INFO - Response status: 200
2025-07-15 15:42:36,664 - src.utils - INFO - Successfully fetched data from: https://api.sofascore.com/api/v1/sport/football/scheduled-events/2025-07-10
2025-07-15 15:42:38,972 - src.utils - INFO - Attempt 1: Fetching https://api.sofascore.com/api/v1/sport/football/scheduled-events/2025-07-09
2025-07-15 15:42:39,086 - src.utils - INFO - Response status: 200
2025-07-15 15:42:39,100 - src.utils - INFO - Successfully fetched data from: https://api.sofascore.com/api/v1/sport/football/scheduled-events/2025-07-09
2025-07-15 15:42:40,607 - src.utils - INFO - Attempt 1: Fetching https://api.sofascore.com/api/v1/sport/football/scheduled-events/2025-07-08
2025-07-15 15:42:40,704 - src.utils - INFO - Response status: 200
2025-07-15 15:42:40,709 - src.utils - INFO - Successfully fetched data from: https://api.sofascore.com/api/v1/sport/football/scheduled-events/2025-07-08
2025-07-15 15:42:42,216 - src.utils - INFO - Attempt 1: Fetching https://api.sofascore.com/api/v1/sport/football/scheduled-events/2025-07-07
2025-07-15 15:42:42,353 - src.utils - INFO - Response status: 200
2025-07-15 15:42:42,361 - src.utils - INFO - Successfully fetched data from: https://api.sofascore.com/api/v1/sport/football/scheduled-events/2025-07-07
2025-07-15 15:42:43,867 - src.utils - INFO - Attempt 1: Fetching https://api.sofascore.com/api/v1/sport/football/scheduled-events/2025-07-06
2025-07-15 15:42:44,051 - src.utils - INFO - Response status: 200
2025-07-15 15:42:44,065 - src.utils - INFO - Successfully fetched data from: https://api.sofascore.com/api/v1/sport/football/scheduled-events/2025-07-06
2025-07-15 15:42:45,569 - src.utils - INFO - Attempt 1: Fetching https://api.sofascore.com/api/v1/sport/football/scheduled-events/2025-07-05
2025-07-15 15:42:45,731 - src.utils - INFO - Response status: 200
2025-07-15 15:42:45,743 - src.utils - INFO - Successfully fetched data from: https://api.sofascore.com/api/v1/sport/football/scheduled-events/2025-07-05
2025-07-15 15:42:48,054 - src.utils - INFO - Attempt 1: Fetching https://api.sofascore.com/api/v1/sport/football/scheduled-events/2025-07-04
2025-07-15 15:42:48,239 - src.utils - INFO - Response status: 200
2025-07-15 15:42:48,249 - src.utils - INFO - Successfully fetched data from: https://api.sofascore.com/api/v1/sport/football/scheduled-events/2025-07-04
2025-07-15 15:42:49,755 - src.utils - INFO - Attempt 1: Fetching https://api.sofascore.com/api/v1/sport/football/scheduled-events/2025-07-03
2025-07-15 15:42:49,851 - src.utils - INFO - Response status: 200
2025-07-15 15:42:49,858 - src.utils - INFO - Successfully fetched data from: https://api.sofascore.com/api/v1/sport/football/scheduled-events/2025-07-03
2025-07-15 15:42:51,364 - src.utils - INFO - Attempt 1: Fetching https://api.sofascore.com/api/v1/sport/football/scheduled-events/2025-07-02
2025-07-15 15:42:51,486 - src.utils - INFO - Response status: 200
2025-07-15 15:42:51,493 - src.utils - INFO - Successfully fetched data from: https://api.sofascore.com/api/v1/sport/football/scheduled-events/2025-07-02
2025-07-15 15:42:52,999 - src.utils - INFO - Attempt 1: Fetching https://api.sofascore.com/api/v1/sport/football/scheduled-events/2025-07-01
2025-07-15 15:42:53,096 - src.utils - INFO - Response status: 200
2025-07-15 15:42:53,102 - src.utils - INFO - Successfully fetched data from: https://api.sofascore.com/api/v1/sport/football/scheduled-events/2025-07-01
2025-07-15 15:42:53,103 - src.utils - INFO -    ✅ Found completed match on 2025-07-01: Manchester City vs Al-Hilal
2025-07-15 15:42:54,609 - src.utils - INFO - Attempt 1: Fetching https://api.sofascore.com/api/v1/sport/football/scheduled-events/2025-06-30
2025-07-15 15:42:54,729 - src.utils - INFO - Response status: 200
2025-07-15 15:42:54,738 - src.utils - INFO - Successfully fetched data from: https://api.sofascore.com/api/v1/sport/football/scheduled-events/2025-06-30
2025-07-15 15:42:54,739 - src.utils - INFO -    ✅ Found completed match on 2025-06-30: Manchester City vs Al-Hilal
2025-07-15 15:42:57,050 - src.utils - INFO - Attempt 1: Fetching https://api.sofascore.com/api/v1/sport/football/scheduled-events/2025-06-29
2025-07-15 15:42:57,215 - src.utils - INFO - Response status: 200
2025-07-15 15:42:57,227 - src.utils - INFO - Successfully fetched data from: https://api.sofascore.com/api/v1/sport/football/scheduled-events/2025-06-29
2025-07-15 15:42:58,731 - src.utils - INFO - Attempt 1: Fetching https://api.sofascore.com/api/v1/sport/football/scheduled-events/2025-06-28
2025-07-15 15:42:58,901 - src.utils - INFO - Response status: 200
2025-07-15 15:42:58,916 - src.utils - INFO - Successfully fetched data from: https://api.sofascore.com/api/v1/sport/football/scheduled-events/2025-06-28
2025-07-15 15:43:00,423 - src.utils - INFO - Attempt 1: Fetching https://api.sofascore.com/api/v1/sport/football/scheduled-events/2025-06-27
2025-07-15 15:43:00,553 - src.utils - INFO - Response status: 200
2025-07-15 15:43:00,563 - src.utils - INFO - Successfully fetched data from: https://api.sofascore.com/api/v1/sport/football/scheduled-events/2025-06-27
2025-07-15 15:43:00,564 - src.utils - INFO -    ✅ Found completed match on 2025-06-27: Juventus vs Manchester City
2025-07-15 15:43:02,066 - src.utils - INFO - Attempt 1: Fetching https://api.sofascore.com/api/v1/sport/football/scheduled-events/2025-06-26
2025-07-15 15:43:02,175 - src.utils - INFO - Response status: 200
2025-07-15 15:43:02,183 - src.utils - INFO - Successfully fetched data from: https://api.sofascore.com/api/v1/sport/football/scheduled-events/2025-06-26
2025-07-15 15:43:02,184 - src.utils - INFO -    ✅ Found completed match on 2025-06-26: Juventus vs Manchester City
2025-07-15 15:43:03,689 - src.utils - INFO - Attempt 1: Fetching https://api.sofascore.com/api/v1/sport/football/scheduled-events/2025-06-25
2025-07-15 15:43:03,812 - src.utils - INFO - Response status: 200
2025-07-15 15:43:03,819 - src.utils - INFO - Successfully fetched data from: https://api.sofascore.com/api/v1/sport/football/scheduled-events/2025-06-25
2025-07-15 15:43:06,129 - src.utils - INFO - Attempt 1: Fetching https://api.sofascore.com/api/v1/sport/football/scheduled-events/2025-06-24
2025-07-15 15:43:06,222 - src.utils - INFO - Response status: 200
2025-07-15 15:43:06,227 - src.utils - INFO - Successfully fetched data from: https://api.sofascore.com/api/v1/sport/football/scheduled-events/2025-06-24
2025-07-15 15:43:07,732 - src.utils - INFO - Attempt 1: Fetching https://api.sofascore.com/api/v1/sport/football/scheduled-events/2025-06-23
2025-07-15 15:43:07,859 - src.utils - INFO - Response status: 200
2025-07-15 15:43:07,869 - src.utils - INFO - Successfully fetched data from: https://api.sofascore.com/api/v1/sport/football/scheduled-events/2025-06-23
2025-07-15 15:43:07,870 - src.utils - INFO -    ✅ Found completed match on 2025-06-23: Manchester City vs Al-Ain
2025-07-15 15:43:09,375 - src.utils - INFO - Attempt 1: Fetching https://api.sofascore.com/api/v1/sport/football/scheduled-events/2025-06-22
2025-07-15 15:43:09,542 - src.utils - INFO - Response status: 200
2025-07-15 15:43:09,556 - src.utils - INFO - Successfully fetched data from: https://api.sofascore.com/api/v1/sport/football/scheduled-events/2025-06-22
2025-07-15 15:43:09,558 - src.utils - INFO -    ✅ Found completed match on 2025-06-22: Manchester City vs Al-Ain
2025-07-15 15:43:11,063 - src.utils - INFO - Attempt 1: Fetching https://api.sofascore.com/api/v1/sport/football/scheduled-events/2025-06-21
2025-07-15 15:43:11,228 - src.utils - INFO - Response status: 200
2025-07-15 15:43:11,241 - src.utils - INFO - Successfully fetched data from: https://api.sofascore.com/api/v1/sport/football/scheduled-events/2025-06-21
2025-07-15 15:43:12,747 - src.utils - INFO - Attempt 1: Fetching https://api.sofascore.com/api/v1/sport/football/scheduled-events/2025-06-20
2025-07-15 15:43:12,879 - src.utils - INFO - Response status: 200
2025-07-15 15:43:12,889 - src.utils - INFO - Successfully fetched data from: https://api.sofascore.com/api/v1/sport/football/scheduled-events/2025-06-20
2025-07-15 15:43:15,201 - src.utils - INFO - Attempt 1: Fetching https://api.sofascore.com/api/v1/sport/football/scheduled-events/2025-06-19
2025-07-15 15:43:15,314 - src.utils - INFO - Response status: 200
2025-07-15 15:43:15,322 - src.utils - INFO - Successfully fetched data from: https://api.sofascore.com/api/v1/sport/football/scheduled-events/2025-06-19
2025-07-15 15:43:15,324 - src.utils - INFO -    ✅ Found completed match on 2025-06-19: Manchester City vs Wydad Casablanca
2025-07-15 15:43:15,325 - src.utils - INFO - 📊 Found 7 completed matches
2025-07-15 15:43:15,325 - src.utils - INFO - 🔍 Processing match 1/7: 13385903
2025-07-15 15:43:16,830 - src.utils - INFO - Attempt 1: Fetching https://api.sofascore.com/api/v1/event/13385903/statistics
2025-07-15 15:43:16,884 - src.utils - INFO - Response status: 200
2025-07-15 15:43:16,885 - src.utils - INFO - Successfully fetched data from: https://api.sofascore.com/api/v1/event/13385903/statistics
2025-07-15 15:43:18,390 - src.utils - INFO - Attempt 1: Fetching https://api.sofascore.com/api/v1/event/13385903/incidents
2025-07-15 15:43:18,452 - src.utils - INFO - Response status: 200
2025-07-15 15:43:18,454 - src.utils - INFO - Successfully fetched data from: https://api.sofascore.com/api/v1/event/13385903/incidents
2025-07-15 15:43:19,459 - src.utils - INFO - 🔍 Processing match 2/7: 13385903
2025-07-15 15:43:20,965 - src.utils - INFO - Attempt 1: Fetching https://api.sofascore.com/api/v1/event/13385903/statistics
2025-07-15 15:43:21,019 - src.utils - INFO - Response status: 200
2025-07-15 15:43:21,019 - src.utils - INFO - Successfully fetched data from: https://api.sofascore.com/api/v1/event/13385903/statistics
2025-07-15 15:43:22,525 - src.utils - INFO - Attempt 1: Fetching https://api.sofascore.com/api/v1/event/13385903/incidents
2025-07-15 15:43:22,586 - src.utils - INFO - Response status: 200
2025-07-15 15:43:22,588 - src.utils - INFO - Successfully fetched data from: https://api.sofascore.com/api/v1/event/13385903/incidents
2025-07-15 15:43:23,594 - src.utils - INFO - 🔍 Processing match 3/7: 13200232
2025-07-15 15:43:25,100 - src.utils - INFO - Attempt 1: Fetching https://api.sofascore.com/api/v1/event/13200232/statistics
2025-07-15 15:43:25,147 - src.utils - INFO - Response status: 200
2025-07-15 15:43:25,147 - src.utils - INFO - Successfully fetched data from: https://api.sofascore.com/api/v1/event/13200232/statistics
2025-07-15 15:43:26,653 - src.utils - INFO - Attempt 1: Fetching https://api.sofascore.com/api/v1/event/13200232/incidents
2025-07-15 15:43:26,714 - src.utils - INFO - Response status: 200
2025-07-15 15:43:26,715 - src.utils - INFO - Successfully fetched data from: https://api.sofascore.com/api/v1/event/13200232/incidents
2025-07-15 15:43:27,717 - src.utils - INFO - 🔍 Processing match 4/7: 13200232
2025-07-15 15:43:29,223 - src.utils - INFO - Attempt 1: Fetching https://api.sofascore.com/api/v1/event/13200232/statistics
2025-07-15 15:43:29,277 - src.utils - INFO - Response status: 200
2025-07-15 15:43:29,278 - src.utils - INFO - Successfully fetched data from: https://api.sofascore.com/api/v1/event/13200232/statistics
2025-07-15 15:43:30,784 - src.utils - INFO - Attempt 1: Fetching https://api.sofascore.com/api/v1/event/13200232/incidents
2025-07-15 15:43:30,846 - src.utils - INFO - Response status: 200
2025-07-15 15:43:30,848 - src.utils - INFO - Successfully fetched data from: https://api.sofascore.com/api/v1/event/13200232/incidents
2025-07-15 15:43:31,850 - src.utils - INFO - 🔍 Processing match 5/7: 13200294
2025-07-15 15:43:33,354 - src.utils - INFO - Attempt 1: Fetching https://api.sofascore.com/api/v1/event/13200294/statistics
2025-07-15 15:43:33,404 - src.utils - INFO - Response status: 200
2025-07-15 15:43:33,405 - src.utils - INFO - Successfully fetched data from: https://api.sofascore.com/api/v1/event/13200294/statistics
2025-07-15 15:43:34,909 - src.utils - INFO - Attempt 1: Fetching https://api.sofascore.com/api/v1/event/13200294/incidents
2025-07-15 15:43:34,974 - src.utils - INFO - Response status: 200
2025-07-15 15:43:34,976 - src.utils - INFO - Successfully fetched data from: https://api.sofascore.com/api/v1/event/13200294/incidents
2025-07-15 15:43:35,982 - src.utils - INFO - 🔍 Processing match 6/7: 13200294
2025-07-15 15:43:37,487 - src.utils - INFO - Attempt 1: Fetching https://api.sofascore.com/api/v1/event/13200294/statistics
2025-07-15 15:43:37,539 - src.utils - INFO - Response status: 200
2025-07-15 15:43:37,540 - src.utils - INFO - Successfully fetched data from: https://api.sofascore.com/api/v1/event/13200294/statistics
2025-07-15 15:43:39,044 - src.utils - INFO - Attempt 1: Fetching https://api.sofascore.com/api/v1/event/13200294/incidents
2025-07-15 15:43:39,096 - src.utils - INFO - Response status: 200
2025-07-15 15:43:39,097 - src.utils - INFO - Successfully fetched data from: https://api.sofascore.com/api/v1/event/13200294/incidents
2025-07-15 15:43:40,101 - src.utils - INFO - 🔍 Processing match 7/7: 13200275
2025-07-15 15:43:41,606 - src.utils - INFO - Attempt 1: Fetching https://api.sofascore.com/api/v1/event/13200275/statistics
2025-07-15 15:43:41,663 - src.utils - INFO - Response status: 200
2025-07-15 15:43:41,664 - src.utils - INFO - Successfully fetched data from: https://api.sofascore.com/api/v1/event/13200275/statistics
2025-07-15 15:43:43,169 - src.utils - INFO - Attempt 1: Fetching https://api.sofascore.com/api/v1/event/13200275/incidents
2025-07-15 15:43:43,219 - src.utils - INFO - Response status: 200
2025-07-15 15:43:43,220 - src.utils - INFO - Successfully fetched data from: https://api.sofascore.com/api/v1/event/13200275/incidents
2025-07-15 15:43:44,226 - src.utils - INFO - ✅ Collected detailed data for 7 recent matches
2025-07-15 15:43:44,242 - src.utils - INFO - 📁 Exported 7 matches to exports/team_17_historical_matches_20250715_154344.csv
2025-07-15 19:16:21,466 - src.utils - INFO - 🎯 Starting comprehensive test for team 17
2025-07-15 19:16:21,467 - src.utils - INFO - 🎯 Getting comprehensive match history for team 17
2025-07-15 19:16:21,467 - src.utils - INFO - 📊 Method 1: Using team-based endpoint...
2025-07-15 19:16:22,550 - src.utils - INFO - Attempt 1: Fetching https://api.sofascore.com/api/v1/team/17/events/last/0
2025-07-15 19:16:22,642 - src.utils - INFO - Response status: 200
2025-07-15 19:16:22,644 - src.utils - INFO - Successfully fetched data from: https://api.sofascore.com/api/v1/team/17/events/last/0
2025-07-15 19:16:22,644 - src.utils - INFO -    Found 30 matches from team endpoint
2025-07-15 19:16:22,644 - src.utils - INFO - 🏆 Method 2: Using competition-specific endpoints...
2025-07-15 19:16:24,024 - src.utils - INFO - Attempt 1: Fetching https://api.sofascore.com/api/v1/unique-tournament/17/season/52186/events/last/0
2025-07-15 19:16:24,100 - src.utils - INFO - Response status: 200
2025-07-15 19:16:24,101 - src.utils - INFO - Successfully fetched data from: https://api.sofascore.com/api/v1/unique-tournament/17/season/52186/events/last/0
2025-07-15 19:16:24,102 - src.utils - INFO -    Added 4 new matches from Premier League
2025-07-15 19:16:25,308 - src.utils - INFO - Attempt 1: Fetching https://api.sofascore.com/api/v1/unique-tournament/19/season/52190/events/last/0
2025-07-15 19:16:25,372 - src.utils - INFO - Response status: 404
2025-07-15 19:16:25,372 - src.utils - WARNING - 404 - Endpoint not found: https://api.sofascore.com/api/v1/unique-tournament/19/season/52190/events/last/0
2025-07-15 19:16:26,551 - src.utils - INFO - Attempt 1: Fetching https://api.sofascore.com/api/v1/tournament/19/season/52190/events/last/0
2025-07-15 19:16:26,611 - src.utils - INFO - Response status: 404
2025-07-15 19:16:26,611 - src.utils - WARNING - 404 - Endpoint not found: https://api.sofascore.com/api/v1/tournament/19/season/52190/events/last/0
2025-07-15 19:16:28,093 - src.utils - INFO - Attempt 1: Fetching https://api.sofascore.com/api/v1/unique-tournament/7/season/52191/events/last/0
2025-07-15 19:16:28,149 - src.utils - INFO - Response status: 404
2025-07-15 19:16:28,149 - src.utils - WARNING - 404 - Endpoint not found: https://api.sofascore.com/api/v1/unique-tournament/7/season/52191/events/last/0
2025-07-15 19:16:29,554 - src.utils - INFO - Attempt 1: Fetching https://api.sofascore.com/api/v1/tournament/7/season/52191/events/last/0
2025-07-15 19:16:29,605 - src.utils - INFO - Response status: 404
2025-07-15 19:16:29,605 - src.utils - WARNING - 404 - Endpoint not found: https://api.sofascore.com/api/v1/tournament/7/season/52191/events/last/0
2025-07-15 19:16:31,102 - src.utils - INFO - Attempt 1: Fetching https://api.sofascore.com/api/v1/unique-tournament/955/season/52456/events/last/0
2025-07-15 19:16:31,165 - src.utils - INFO - Response status: 404
2025-07-15 19:16:31,166 - src.utils - WARNING - 404 - Endpoint not found: https://api.sofascore.com/api/v1/unique-tournament/955/season/52456/events/last/0
2025-07-15 19:16:32,268 - src.utils - INFO - Attempt 1: Fetching https://api.sofascore.com/api/v1/tournament/955/season/52456/events/last/0
2025-07-15 19:16:32,323 - src.utils - INFO - Response status: 404
2025-07-15 19:16:32,324 - src.utils - WARNING - 404 - Endpoint not found: https://api.sofascore.com/api/v1/tournament/955/season/52456/events/last/0
2025-07-15 19:16:32,324 - src.utils - INFO - ✅ Total unique matches found: 34
2025-07-15 19:16:32,324 - src.utils - INFO - ✅ Finished matches: 34
2025-07-15 19:16:32,324 - src.utils - INFO - 🔍 Processing match 1/7: Manchester City vs Al-Hilal (ID: 13385903)
2025-07-15 19:16:33,491 - src.utils - INFO - Attempt 1: Fetching https://api.sofascore.com/api/v1/event/13385903/statistics
2025-07-15 19:16:33,544 - src.utils - INFO - Response status: 200
2025-07-15 19:16:33,545 - src.utils - INFO - Successfully fetched data from: https://api.sofascore.com/api/v1/event/13385903/statistics
2025-07-15 19:16:35,004 - src.utils - INFO - Attempt 1: Fetching https://api.sofascore.com/api/v1/event/13385903/incidents
2025-07-15 19:16:35,105 - src.utils - INFO - Response status: 200
2025-07-15 19:16:35,107 - src.utils - INFO - Successfully fetched data from: https://api.sofascore.com/api/v1/event/13385903/incidents
2025-07-15 19:16:35,107 - src.utils - INFO - 🔍 Processing match 2/7: Juventus vs Manchester City (ID: 13200232)
2025-07-15 19:16:36,113 - src.utils - INFO - Attempt 1: Fetching https://api.sofascore.com/api/v1/event/13200232/statistics
2025-07-15 19:16:36,161 - src.utils - INFO - Response status: 200
2025-07-15 19:16:36,162 - src.utils - INFO - Successfully fetched data from: https://api.sofascore.com/api/v1/event/13200232/statistics
2025-07-15 19:16:37,471 - src.utils - INFO - Attempt 1: Fetching https://api.sofascore.com/api/v1/event/13200232/incidents
2025-07-15 19:16:37,823 - src.utils - INFO - Response status: 200
2025-07-15 19:16:37,824 - src.utils - INFO - Successfully fetched data from: https://api.sofascore.com/api/v1/event/13200232/incidents
2025-07-15 19:16:37,825 - src.utils - INFO - 🔍 Processing match 3/7: Manchester City vs Al-Ain (ID: 13200294)
2025-07-15 19:16:38,939 - src.utils - INFO - Attempt 1: Fetching https://api.sofascore.com/api/v1/event/13200294/statistics
2025-07-15 19:16:38,988 - src.utils - INFO - Response status: 200
2025-07-15 19:16:38,989 - src.utils - INFO - Successfully fetched data from: https://api.sofascore.com/api/v1/event/13200294/statistics
2025-07-15 19:16:40,146 - src.utils - INFO - Attempt 1: Fetching https://api.sofascore.com/api/v1/event/13200294/incidents
2025-07-15 19:16:40,199 - src.utils - INFO - Response status: 200
2025-07-15 19:16:40,200 - src.utils - INFO - Successfully fetched data from: https://api.sofascore.com/api/v1/event/13200294/incidents
2025-07-15 19:16:40,201 - src.utils - INFO - 🔍 Processing match 4/7: Manchester City vs Wydad Casablanca (ID: 13200275)
2025-07-15 19:16:41,317 - src.utils - INFO - Attempt 1: Fetching https://api.sofascore.com/api/v1/event/13200275/statistics
2025-07-15 19:16:41,374 - src.utils - INFO - Response status: 200
2025-07-15 19:16:41,374 - src.utils - INFO - Successfully fetched data from: https://api.sofascore.com/api/v1/event/13200275/statistics
2025-07-15 19:16:42,741 - src.utils - INFO - Attempt 1: Fetching https://api.sofascore.com/api/v1/event/13200275/incidents
2025-07-15 19:16:42,791 - src.utils - INFO - Response status: 200
2025-07-15 19:16:42,792 - src.utils - INFO - Successfully fetched data from: https://api.sofascore.com/api/v1/event/13200275/incidents
2025-07-15 19:16:42,793 - src.utils - INFO - 🔍 Processing match 5/7: Fulham vs Manchester City (ID: 12436559)
2025-07-15 19:16:44,075 - src.utils - INFO - Attempt 1: Fetching https://api.sofascore.com/api/v1/event/12436559/statistics
2025-07-15 19:16:44,158 - src.utils - INFO - Response status: 200
2025-07-15 19:16:44,158 - src.utils - INFO - Successfully fetched data from: https://api.sofascore.com/api/v1/event/12436559/statistics
2025-07-15 19:16:45,268 - src.utils - INFO - Attempt 1: Fetching https://api.sofascore.com/api/v1/event/12436559/incidents
2025-07-15 19:16:45,318 - src.utils - INFO - Response status: 200
2025-07-15 19:16:45,318 - src.utils - INFO - Successfully fetched data from: https://api.sofascore.com/api/v1/event/12436559/incidents
2025-07-15 19:16:45,319 - src.utils - INFO - 🔍 Processing match 6/7: Manchester City vs Bournemouth (ID: 13854588)
2025-07-15 19:16:46,641 - src.utils - INFO - Attempt 1: Fetching https://api.sofascore.com/api/v1/event/13854588/statistics
2025-07-15 19:16:46,690 - src.utils - INFO - Response status: 200
2025-07-15 19:16:46,690 - src.utils - INFO - Successfully fetched data from: https://api.sofascore.com/api/v1/event/13854588/statistics
2025-07-15 19:16:47,944 - src.utils - INFO - Attempt 1: Fetching https://api.sofascore.com/api/v1/event/13854588/incidents
2025-07-15 19:16:47,999 - src.utils - INFO - Response status: 200
2025-07-15 19:16:48,000 - src.utils - INFO - Successfully fetched data from: https://api.sofascore.com/api/v1/event/13854588/incidents
2025-07-15 19:16:48,001 - src.utils - INFO - 🔍 Processing match 7/7: Crystal Palace vs Manchester City (ID: 13822363)
2025-07-15 19:16:49,078 - src.utils - INFO - Attempt 1: Fetching https://api.sofascore.com/api/v1/event/13822363/statistics
2025-07-15 19:16:49,128 - src.utils - INFO - Response status: 200
2025-07-15 19:16:49,128 - src.utils - INFO - Successfully fetched data from: https://api.sofascore.com/api/v1/event/13822363/statistics
2025-07-15 19:16:50,458 - src.utils - INFO - Attempt 1: Fetching https://api.sofascore.com/api/v1/event/13822363/incidents
2025-07-15 19:16:50,509 - src.utils - INFO - Response status: 200
2025-07-15 19:16:50,510 - src.utils - INFO - Successfully fetched data from: https://api.sofascore.com/api/v1/event/13822363/incidents
2025-07-15 19:16:50,510 - src.utils - INFO - ✅ Successfully processed 7 matches with full details
2025-07-15 19:16:50,524 - src.utils - INFO - 📁 Exported 7 comprehensive matches to exports/team_17_comprehensive_matches_20250715_191650.csv
2025-07-15 19:31:25,713 - src.utils - INFO - 🎯 Starting complete fixed test for team 17
2025-07-15 19:31:25,713 - src.utils - INFO - 🎯 Getting comprehensive match history for team 17
2025-07-15 19:31:25,713 - src.utils - INFO - 📊 Method 1: Using team-based endpoint...
2025-07-15 19:31:27,083 - src.utils - INFO - Attempt 1: Fetching https://api.sofascore.com/api/v1/team/17/events/last/0
2025-07-15 19:31:27,193 - src.utils - INFO - Response status: 200
2025-07-15 19:31:27,195 - src.utils - INFO - Successfully fetched data from: https://api.sofascore.com/api/v1/team/17/events/last/0
2025-07-15 19:31:27,195 - src.utils - INFO -    Found 30 matches from team endpoint
2025-07-15 19:31:27,195 - src.utils - INFO - 🏆 Method 2: Using competition-specific endpoints...
2025-07-15 19:31:28,207 - src.utils - INFO - Attempt 1: Fetching https://api.sofascore.com/api/v1/unique-tournament/17/season/52186/events/last/0
2025-07-15 19:31:28,292 - src.utils - INFO - Response status: 200
2025-07-15 19:31:28,295 - src.utils - INFO - Successfully fetched data from: https://api.sofascore.com/api/v1/unique-tournament/17/season/52186/events/last/0
2025-07-15 19:31:28,295 - src.utils - INFO -    Added 4 new matches from Premier League
2025-07-15 19:31:29,502 - src.utils - INFO - Attempt 1: Fetching https://api.sofascore.com/api/v1/unique-tournament/19/season/52190/events/last/0
2025-07-15 19:31:29,543 - src.utils - INFO - Response status: 404
2025-07-15 19:31:29,543 - src.utils - WARNING - 404 - Endpoint not found: https://api.sofascore.com/api/v1/unique-tournament/19/season/52190/events/last/0
2025-07-15 19:31:30,647 - src.utils - INFO - Attempt 1: Fetching https://api.sofascore.com/api/v1/tournament/19/season/52190/events/last/0
2025-07-15 19:31:30,689 - src.utils - INFO - Response status: 404
2025-07-15 19:31:30,689 - src.utils - WARNING - 404 - Endpoint not found: https://api.sofascore.com/api/v1/tournament/19/season/52190/events/last/0
2025-07-15 19:31:32,103 - src.utils - INFO - Attempt 1: Fetching https://api.sofascore.com/api/v1/unique-tournament/19/events/last/0
2025-07-15 19:31:32,159 - src.utils - INFO - Response status: 404
2025-07-15 19:31:32,159 - src.utils - WARNING - 404 - Endpoint not found: https://api.sofascore.com/api/v1/unique-tournament/19/events/last/0
2025-07-15 19:31:33,170 - src.utils - INFO - Attempt 1: Fetching https://api.sofascore.com/api/v1/unique-tournament/7/season/52191/events/last/0
2025-07-15 19:31:33,211 - src.utils - INFO - Response status: 404
2025-07-15 19:31:33,211 - src.utils - WARNING - 404 - Endpoint not found: https://api.sofascore.com/api/v1/unique-tournament/7/season/52191/events/last/0
2025-07-15 19:31:34,601 - src.utils - INFO - Attempt 1: Fetching https://api.sofascore.com/api/v1/tournament/7/season/52191/events/last/0
2025-07-15 19:31:34,641 - src.utils - INFO - Response status: 404
2025-07-15 19:31:34,641 - src.utils - WARNING - 404 - Endpoint not found: https://api.sofascore.com/api/v1/tournament/7/season/52191/events/last/0
2025-07-15 19:31:35,659 - src.utils - INFO - Attempt 1: Fetching https://api.sofascore.com/api/v1/unique-tournament/7/events/last/0
2025-07-15 19:31:35,704 - src.utils - INFO - Response status: 404
2025-07-15 19:31:35,704 - src.utils - WARNING - 404 - Endpoint not found: https://api.sofascore.com/api/v1/unique-tournament/7/events/last/0
2025-07-15 19:31:37,197 - src.utils - INFO - Attempt 1: Fetching https://api.sofascore.com/api/v1/unique-tournament/955/season/52456/events/last/0
2025-07-15 19:31:37,238 - src.utils - INFO - Response status: 404
2025-07-15 19:31:37,238 - src.utils - WARNING - 404 - Endpoint not found: https://api.sofascore.com/api/v1/unique-tournament/955/season/52456/events/last/0
2025-07-15 19:31:38,493 - src.utils - INFO - Attempt 1: Fetching https://api.sofascore.com/api/v1/tournament/955/season/52456/events/last/0
2025-07-15 19:31:38,535 - src.utils - INFO - Response status: 404
2025-07-15 19:31:38,535 - src.utils - WARNING - 404 - Endpoint not found: https://api.sofascore.com/api/v1/tournament/955/season/52456/events/last/0
2025-07-15 19:31:39,605 - src.utils - INFO - Attempt 1: Fetching https://api.sofascore.com/api/v1/unique-tournament/955/events/last/0
2025-07-15 19:31:39,658 - src.utils - INFO - Response status: 404
2025-07-15 19:31:39,658 - src.utils - WARNING - 404 - Endpoint not found: https://api.sofascore.com/api/v1/unique-tournament/955/events/last/0
2025-07-15 19:31:39,659 - src.utils - INFO - ✅ Total unique matches found: 34
2025-07-15 19:31:39,659 - src.utils - INFO - ✅ Finished matches: 34
2025-07-15 19:31:39,659 - src.utils - INFO - 🔍 Processing match 1/7: Manchester City vs Al-Hilal (ID: 13385903)
2025-07-15 19:31:39,659 - src.utils - INFO - 📊 Score extraction: Manchester City 3-5 Al-Hilal
2025-07-15 19:31:39,659 - src.utils - INFO -    Team side: home, Team goals: 3, Opponent goals: 5
2025-07-15 19:31:40,687 - src.utils - INFO - Attempt 1: Fetching https://api.sofascore.com/api/v1/event/13385903/statistics
2025-07-15 19:31:40,755 - src.utils - INFO - Response status: 200
2025-07-15 19:31:40,756 - src.utils - INFO - Successfully fetched data from: https://api.sofascore.com/api/v1/event/13385903/statistics
2025-07-15 19:31:42,029 - src.utils - INFO - Attempt 1: Fetching https://api.sofascore.com/api/v1/event/13385903/incidents
2025-07-15 19:31:42,093 - src.utils - INFO - Response status: 200
2025-07-15 19:31:42,095 - src.utils - INFO - Successfully fetched data from: https://api.sofascore.com/api/v1/event/13385903/incidents
2025-07-15 19:31:42,095 - src.utils - WARNING - ⚠️  Goal count mismatch: Found 7 our goals, expected 3
2025-07-15 19:31:42,095 - src.utils - WARNING - ⚠️  Opponent goal count mismatch: Found 0 opponent goals, expected 5
2025-07-15 19:31:42,095 - src.utils - INFO - ✅ Goal extraction: 3 our goals, 0 opponent goals
2025-07-15 19:31:42,095 - src.utils - INFO - 🔍 Processing match 2/7: Juventus vs Manchester City (ID: 13200232)
2025-07-15 19:31:42,095 - src.utils - INFO - 📊 Score extraction: Juventus 3-5 Manchester City
2025-07-15 19:31:42,095 - src.utils - INFO -    Team side: away, Team goals: 5, Opponent goals: 3
2025-07-15 19:31:43,392 - src.utils - INFO - Attempt 1: Fetching https://api.sofascore.com/api/v1/event/13200232/statistics
2025-07-15 19:31:43,444 - src.utils - INFO - Response status: 200
2025-07-15 19:31:43,444 - src.utils - INFO - Successfully fetched data from: https://api.sofascore.com/api/v1/event/13200232/statistics
2025-07-15 19:31:44,642 - src.utils - INFO - Attempt 1: Fetching https://api.sofascore.com/api/v1/event/13200232/incidents
2025-07-15 19:31:44,705 - src.utils - INFO - Response status: 200
2025-07-15 19:31:44,706 - src.utils - INFO - Successfully fetched data from: https://api.sofascore.com/api/v1/event/13200232/incidents
2025-07-15 19:31:44,707 - src.utils - WARNING - ⚠️  Goal count mismatch: Found 7 our goals, expected 5
2025-07-15 19:31:44,707 - src.utils - WARNING - ⚠️  Opponent goal count mismatch: Found 0 opponent goals, expected 3
2025-07-15 19:31:44,707 - src.utils - INFO - ✅ Goal extraction: 5 our goals, 0 opponent goals
2025-07-15 19:31:44,708 - src.utils - INFO - 🔍 Processing match 3/7: Manchester City vs Al-Ain (ID: 13200294)
2025-07-15 19:31:44,708 - src.utils - INFO - 📊 Score extraction: Manchester City 7-0 Al-Ain
2025-07-15 19:31:44,708 - src.utils - INFO -    Team side: home, Team goals: 7, Opponent goals: 0
2025-07-15 19:31:45,869 - src.utils - INFO - Attempt 1: Fetching https://api.sofascore.com/api/v1/event/13200294/statistics
2025-07-15 19:31:45,920 - src.utils - INFO - Response status: 200
2025-07-15 19:31:45,920 - src.utils - INFO - Successfully fetched data from: https://api.sofascore.com/api/v1/event/13200294/statistics
2025-07-15 19:31:47,138 - src.utils - INFO - Attempt 1: Fetching https://api.sofascore.com/api/v1/event/13200294/incidents
2025-07-15 19:31:47,200 - src.utils - INFO - Response status: 200
2025-07-15 19:31:47,201 - src.utils - INFO - Successfully fetched data from: https://api.sofascore.com/api/v1/event/13200294/incidents
2025-07-15 19:31:47,202 - src.utils - WARNING - ⚠️  Goal count mismatch: Found 6 our goals, expected 7
2025-07-15 19:31:47,202 - src.utils - INFO - ✅ Goal extraction: 6 our goals, 0 opponent goals
2025-07-15 19:31:47,202 - src.utils - INFO - 🔍 Processing match 4/7: Manchester City vs Wydad Casablanca (ID: 13200275)
2025-07-15 19:31:47,202 - src.utils - INFO - 📊 Score extraction: Manchester City 3-0 Wydad Casablanca
2025-07-15 19:31:47,202 - src.utils - INFO -    Team side: home, Team goals: 3, Opponent goals: 0
2025-07-15 19:31:48,684 - src.utils - INFO - Attempt 1: Fetching https://api.sofascore.com/api/v1/event/13200275/statistics
2025-07-15 19:31:48,736 - src.utils - INFO - Response status: 200
2025-07-15 19:31:48,736 - src.utils - INFO - Successfully fetched data from: https://api.sofascore.com/api/v1/event/13200275/statistics
2025-07-15 19:31:50,066 - src.utils - INFO - Attempt 1: Fetching https://api.sofascore.com/api/v1/event/13200275/incidents
2025-07-15 19:31:50,122 - src.utils - INFO - Response status: 200
2025-07-15 19:31:50,122 - src.utils - INFO - Successfully fetched data from: https://api.sofascore.com/api/v1/event/13200275/incidents
2025-07-15 19:31:50,123 - src.utils - WARNING - ⚠️  Goal count mismatch: Found 2 our goals, expected 3
2025-07-15 19:31:50,123 - src.utils - INFO - ✅ Goal extraction: 2 our goals, 0 opponent goals
2025-07-15 19:31:50,123 - src.utils - INFO - 🔍 Processing match 5/7: Fulham vs Manchester City (ID: 12436559)
2025-07-15 19:31:50,123 - src.utils - INFO - 📊 Score extraction: Fulham 0-2 Manchester City
2025-07-15 19:31:50,123 - src.utils - INFO -    Team side: away, Team goals: 2, Opponent goals: 0
2025-07-15 19:31:50,124 - src.utils - INFO - ✅ Score validated for Fulham: 2-0
2025-07-15 19:31:51,328 - src.utils - INFO - Attempt 1: Fetching https://api.sofascore.com/api/v1/event/12436559/statistics
2025-07-15 19:31:51,379 - src.utils - INFO - Response status: 200
2025-07-15 19:31:51,380 - src.utils - INFO - Successfully fetched data from: https://api.sofascore.com/api/v1/event/12436559/statistics
2025-07-15 19:31:52,410 - src.utils - INFO - Attempt 1: Fetching https://api.sofascore.com/api/v1/event/12436559/incidents
2025-07-15 19:31:52,458 - src.utils - INFO - Response status: 200
2025-07-15 19:31:52,458 - src.utils - INFO - Successfully fetched data from: https://api.sofascore.com/api/v1/event/12436559/incidents
2025-07-15 19:31:52,459 - src.utils - INFO - ✅ Goal extraction: 2 our goals, 0 opponent goals
2025-07-15 19:31:52,459 - src.utils - INFO - 🔍 Processing match 6/7: Manchester City vs Bournemouth (ID: 13854588)
2025-07-15 19:31:52,459 - src.utils - INFO - 📊 Score extraction: Manchester City 4-1 Bournemouth
2025-07-15 19:31:52,459 - src.utils - INFO -    Team side: home, Team goals: 4, Opponent goals: 1
2025-07-15 19:31:52,459 - src.utils - WARNING - ⚠️  Score mismatch for Bournemouth: got 4-1, expected 3-1
2025-07-15 19:31:53,682 - src.utils - INFO - Attempt 1: Fetching https://api.sofascore.com/api/v1/event/13854588/statistics
2025-07-15 19:31:53,734 - src.utils - INFO - Response status: 200
2025-07-15 19:31:53,734 - src.utils - INFO - Successfully fetched data from: https://api.sofascore.com/api/v1/event/13854588/statistics
2025-07-15 19:31:54,836 - src.utils - INFO - Attempt 1: Fetching https://api.sofascore.com/api/v1/event/13854588/incidents
2025-07-15 19:31:54,889 - src.utils - INFO - Response status: 200
2025-07-15 19:31:54,890 - src.utils - INFO - Successfully fetched data from: https://api.sofascore.com/api/v1/event/13854588/incidents
2025-07-15 19:31:54,890 - src.utils - WARNING - ⚠️  Opponent goal count mismatch: Found 0 opponent goals, expected 1
2025-07-15 19:31:54,890 - src.utils - INFO - ✅ Goal extraction: 4 our goals, 0 opponent goals
2025-07-15 19:31:54,891 - src.utils - INFO - 🔍 Processing match 7/7: Crystal Palace vs Manchester City (ID: 13822363)
2025-07-15 19:31:54,891 - src.utils - INFO - 📊 Score extraction: Crystal Palace 1-1 Manchester City
2025-07-15 19:31:54,891 - src.utils - INFO -    Team side: away, Team goals: 1, Opponent goals: 1
2025-07-15 19:31:54,891 - src.utils - WARNING - ⚠️  Score mismatch for Crystal Palace: got 1-1, expected 0-1
2025-07-15 19:31:56,221 - src.utils - INFO - Attempt 1: Fetching https://api.sofascore.com/api/v1/event/13822363/statistics
2025-07-15 19:31:56,272 - src.utils - INFO - Response status: 200
2025-07-15 19:31:56,273 - src.utils - INFO - Successfully fetched data from: https://api.sofascore.com/api/v1/event/13822363/statistics
2025-07-15 19:31:57,572 - src.utils - INFO - Attempt 1: Fetching https://api.sofascore.com/api/v1/event/13822363/incidents
2025-07-15 19:31:57,619 - src.utils - INFO - Response status: 200
2025-07-15 19:31:57,619 - src.utils - INFO - Successfully fetched data from: https://api.sofascore.com/api/v1/event/13822363/incidents
2025-07-15 19:31:57,619 - src.utils - WARNING - ⚠️  Opponent goal count mismatch: Found 0 opponent goals, expected 1
2025-07-15 19:31:57,619 - src.utils - INFO - ✅ Goal extraction: 1 our goals, 0 opponent goals
2025-07-15 19:31:57,620 - src.utils - INFO - ✅ Successfully processed 7 matches with accurate details
2025-07-15 19:31:57,627 - src.utils - INFO - 📁 Exported 7 FIXED comprehensive matches to exports/team_17_FIXED_comprehensive_20250715_193157.csv
